<?xml version="1.0" encoding="UTF-8"?>
<testsuite xmlns:xsi="http://www.w3.org/2001/XMLSchema-instance" xsi:noNamespaceSchemaLocation="https://maven.apache.org/surefire/maven-surefire-plugin/xsd/surefire-test-report.xsd" name="com.storeapiapp.StoreApiAppTest" time="15.661" tests="6" errors="0" skipped="0" failures="4">
  <properties>
[...]
</properties>
  <testcase name="testAll[1][1]" classname="com.storeapiapp.StoreApiAppTest" time="2.672"/>
  <testcase name="testAll[2][1]" classname="com.storeapiapp.StoreApiAppTest" time="2.129">
    <failure message="js failed:&#10;&gt;&gt;&gt;&gt;&#10;01: loginFeatureFile.response.data.access_token&#10;&lt;&lt;&lt;&lt;&#10;org.graalvm.polyglot.PolyglotException: TypeError: Cannot read property &quot;access_token&quot; from undefined&#10;- &lt;js&gt;.:program(Unnamed:1)&#10;&#10;classpath:com/storeapiapp/features/User.feature:6" type="org.opentest4j.AssertionFailedError"><![CDATA[org.opentest4j.AssertionFailedError: 
js failed:
>>>>
01: loginFeatureFile.response.data.access_token
<<<<
org.graalvm.polyglot.PolyglotException: TypeError: Cannot read property "access_token" from undefined
- <js>.:program(Unnamed:1)

classpath:com/storeapiapp/features/User.feature:6
]]></failure>
    <system-out><![CDATA[12:02:29.656 [main] DEBUG com.jayway.jsonpath.internal.path.CompiledPath - Evaluating path: $
12:02:29.659 [main] INFO com.intuit.karate - [print] {
  "email": "robertgonzalez@gmail.com",
  "password": "simple_password"
}
 
12:02:29.662 [main] DEBUG org.apache.http.client.protocol.RequestAddCookies - CookieSpec selected: karate
12:02:29.662 [main] DEBUG org.apache.http.client.protocol.RequestAuthCache - Auth cache not set in the context
12:02:29.663 [main] DEBUG com.intuit.karate - request:
1 > POST https://api.storerestapi.com/auth/login
1 > Content-Type: application/json; charset=UTF-8
1 > Content-Length: 65
1 > Host: api.storerestapi.com
1 > Connection: Keep-Alive
1 > User-Agent: Apache-HttpClient/4.5.13 (Java/17.0.1)
1 > Accept-Encoding: gzip,deflate
{"email":"robertgonzalez@gmail.com","password":"simple_password"}

12:02:29.663 [main] DEBUG org.apache.http.impl.conn.PoolingHttpClientConnectionManager - Connection request: [route: {s}->https://api.storerestapi.com:443][total available: 0; route allocated: 0 of 5; total allocated: 0 of 10]
12:02:29.663 [main] DEBUG org.apache.http.impl.conn.PoolingHttpClientConnectionManager - Connection leased: [id: 1][route: {s}->https://api.storerestapi.com:443][total available: 0; route allocated: 1 of 5; total allocated: 1 of 10]
12:02:29.663 [main] DEBUG org.apache.http.impl.execchain.MainClientExec - Opening connection {s}->https://api.storerestapi.com:443
12:02:29.664 [main] DEBUG org.apache.http.impl.conn.DefaultHttpClientConnectionOperator - Connecting to api.storerestapi.com/172.67.193.84:443
12:02:29.664 [main] DEBUG org.apache.http.conn.ssl.SSLConnectionSocketFactory - Connecting socket to api.storerestapi.com/172.67.193.84:443 with timeout 30000
12:02:29.727 [main] DEBUG org.apache.http.conn.ssl.SSLConnectionSocketFactory - Enabled protocols: [TLSv1.3, TLSv1.2]
12:02:29.727 [main] DEBUG org.apache.http.conn.ssl.SSLConnectionSocketFactory - Enabled cipher suites:[TLS_AES_256_GCM_SHA384, TLS_AES_128_GCM_SHA256, TLS_CHACHA20_POLY1305_SHA256, TLS_ECDHE_ECDSA_WITH_AES_256_GCM_SHA384, TLS_ECDHE_ECDSA_WITH_AES_128_GCM_SHA256, TLS_ECDHE_ECDSA_WITH_CHACHA20_POLY1305_SHA256, TLS_ECDHE_RSA_WITH_AES_256_GCM_SHA384, TLS_ECDHE_RSA_WITH_CHACHA20_POLY1305_SHA256, TLS_ECDHE_RSA_WITH_AES_128_GCM_SHA256, TLS_DHE_RSA_WITH_AES_256_GCM_SHA384, TLS_DHE_RSA_WITH_CHACHA20_POLY1305_SHA256, TLS_DHE_DSS_WITH_AES_256_GCM_SHA384, TLS_DHE_RSA_WITH_AES_128_GCM_SHA256, TLS_DHE_DSS_WITH_AES_128_GCM_SHA256, TLS_ECDHE_ECDSA_WITH_AES_256_CBC_SHA384, TLS_ECDHE_RSA_WITH_AES_256_CBC_SHA384, TLS_ECDHE_ECDSA_WITH_AES_128_CBC_SHA256, TLS_ECDHE_RSA_WITH_AES_128_CBC_SHA256, TLS_DHE_RSA_WITH_AES_256_CBC_SHA256, TLS_DHE_DSS_WITH_AES_256_CBC_SHA256, TLS_DHE_RSA_WITH_AES_128_CBC_SHA256, TLS_DHE_DSS_WITH_AES_128_CBC_SHA256, TLS_ECDH_ECDSA_WITH_AES_256_GCM_SHA384, TLS_ECDH_RSA_WITH_AES_256_GCM_SHA384, TLS_ECDH_ECDSA_WITH_AES_128_GCM_SHA256, TLS_ECDH_RSA_WITH_AES_128_GCM_SHA256, TLS_ECDH_ECDSA_WITH_AES_256_CBC_SHA384, TLS_ECDH_RSA_WITH_AES_256_CBC_SHA384, TLS_ECDH_ECDSA_WITH_AES_128_CBC_SHA256, TLS_ECDH_RSA_WITH_AES_128_CBC_SHA256, TLS_ECDHE_ECDSA_WITH_AES_256_CBC_SHA, TLS_ECDHE_RSA_WITH_AES_256_CBC_SHA, TLS_ECDHE_ECDSA_WITH_AES_128_CBC_SHA, TLS_ECDHE_RSA_WITH_AES_128_CBC_SHA, TLS_DHE_RSA_WITH_AES_256_CBC_SHA, TLS_DHE_DSS_WITH_AES_256_CBC_SHA, TLS_DHE_RSA_WITH_AES_128_CBC_SHA, TLS_DHE_DSS_WITH_AES_128_CBC_SHA, TLS_ECDH_ECDSA_WITH_AES_256_CBC_SHA, TLS_ECDH_RSA_WITH_AES_256_CBC_SHA, TLS_ECDH_ECDSA_WITH_AES_128_CBC_SHA, TLS_ECDH_RSA_WITH_AES_128_CBC_SHA, TLS_RSA_WITH_AES_256_GCM_SHA384, TLS_RSA_WITH_AES_128_GCM_SHA256, TLS_RSA_WITH_AES_256_CBC_SHA256, TLS_RSA_WITH_AES_128_CBC_SHA256, TLS_RSA_WITH_AES_256_CBC_SHA, TLS_RSA_WITH_AES_128_CBC_SHA, TLS_EMPTY_RENEGOTIATION_INFO_SCSV]
12:02:29.728 [main] DEBUG org.apache.http.conn.ssl.SSLConnectionSocketFactory - Starting handshake
12:02:29.840 [main] DEBUG org.apache.http.conn.ssl.SSLConnectionSocketFactory - Secure session established
12:02:29.840 [main] DEBUG org.apache.http.conn.ssl.SSLConnectionSocketFactory -  negotiated protocol: TLSv1.3
12:02:29.840 [main] DEBUG org.apache.http.conn.ssl.SSLConnectionSocketFactory -  negotiated cipher suite: TLS_AES_256_GCM_SHA384
12:02:29.840 [main] DEBUG org.apache.http.conn.ssl.SSLConnectionSocketFactory -  peer principal: CN=*.storerestapi.com
12:02:29.840 [main] DEBUG org.apache.http.conn.ssl.SSLConnectionSocketFactory -  peer alternative names: [*.storerestapi.com, storerestapi.com]
12:02:29.840 [main] DEBUG org.apache.http.conn.ssl.SSLConnectionSocketFactory -  issuer principal: CN=E1, O=Let's Encrypt, C=US
12:02:29.841 [main] DEBUG org.apache.http.impl.conn.DefaultHttpClientConnectionOperator - Connection established 10.1.5.60:54434<->172.67.193.84:443
12:02:29.841 [main] DEBUG org.apache.http.impl.conn.DefaultManagedHttpClientConnection - http-outgoing-1: set socket timeout to 30000
12:02:29.841 [main] DEBUG org.apache.http.impl.execchain.MainClientExec - Executing request POST /auth/login HTTP/1.1
12:02:29.841 [main] DEBUG org.apache.http.impl.execchain.MainClientExec - Target auth state: UNCHALLENGED
12:02:29.841 [main] DEBUG org.apache.http.impl.execchain.MainClientExec - Proxy auth state: UNCHALLENGED
12:02:29.841 [main] DEBUG org.apache.http.headers - http-outgoing-1 >> POST /auth/login HTTP/1.1
12:02:29.841 [main] DEBUG org.apache.http.headers - http-outgoing-1 >> Content-Type: application/json; charset=UTF-8
12:02:29.841 [main] DEBUG org.apache.http.headers - http-outgoing-1 >> Content-Length: 65
12:02:29.841 [main] DEBUG org.apache.http.headers - http-outgoing-1 >> Host: api.storerestapi.com
12:02:29.841 [main] DEBUG org.apache.http.headers - http-outgoing-1 >> Connection: Keep-Alive
12:02:29.841 [main] DEBUG org.apache.http.headers - http-outgoing-1 >> User-Agent: Apache-HttpClient/4.5.13 (Java/17.0.1)
12:02:29.841 [main] DEBUG org.apache.http.headers - http-outgoing-1 >> Accept-Encoding: gzip,deflate
12:02:29.842 [main] DEBUG org.apache.http.wire - http-outgoing-1 >> "POST /auth/login HTTP/1.1[\r][\n]"
12:02:29.842 [main] DEBUG org.apache.http.wire - http-outgoing-1 >> "Content-Type: application/json; charset=UTF-8[\r][\n]"
12:02:29.842 [main] DEBUG org.apache.http.wire - http-outgoing-1 >> "Content-Length: 65[\r][\n]"
12:02:29.842 [main] DEBUG org.apache.http.wire - http-outgoing-1 >> "Host: api.storerestapi.com[\r][\n]"
12:02:29.842 [main] DEBUG org.apache.http.wire - http-outgoing-1 >> "Connection: Keep-Alive[\r][\n]"
12:02:29.842 [main] DEBUG org.apache.http.wire - http-outgoing-1 >> "User-Agent: Apache-HttpClient/4.5.13 (Java/17.0.1)[\r][\n]"
12:02:29.842 [main] DEBUG org.apache.http.wire - http-outgoing-1 >> "Accept-Encoding: gzip,deflate[\r][\n]"
12:02:29.842 [main] DEBUG org.apache.http.wire - http-outgoing-1 >> "[\r][\n]"
12:02:29.842 [main] DEBUG org.apache.http.wire - http-outgoing-1 >> "{"email":"robertgonzalez@gmail.com","password":"simple_password"}"
12:02:30.224 [main] DEBUG org.apache.http.wire - http-outgoing-1 << "HTTP/1.1 200 OK[\r][\n]"
12:02:30.224 [main] DEBUG org.apache.http.wire - http-outgoing-1 << "Date: Sat, 17 Dec 2022 06:32:31 GMT[\r][\n]"
12:02:30.224 [main] DEBUG org.apache.http.wire - http-outgoing-1 << "Content-Type: application/json; charset=utf-8[\r][\n]"
12:02:30.224 [main] DEBUG org.apache.http.wire - http-outgoing-1 << "Transfer-Encoding: chunked[\r][\n]"
12:02:30.224 [main] DEBUG org.apache.http.wire - http-outgoing-1 << "Connection: keep-alive[\r][\n]"
12:02:30.224 [main] DEBUG org.apache.http.wire - http-outgoing-1 << "X-Powered-By: Express[\r][\n]"
12:02:30.225 [main] DEBUG org.apache.http.wire - http-outgoing-1 << "Access-Control-Allow-Origin: *[\r][\n]"
12:02:30.225 [main] DEBUG org.apache.http.wire - http-outgoing-1 << "ETag: W/"2a6-XYyKhqec05yLrDig587gzENHlz8"[\r][\n]"
12:02:30.225 [main] DEBUG org.apache.http.wire - http-outgoing-1 << "CF-Cache-Status: DYNAMIC[\r][\n]"
12:02:30.225 [main] DEBUG org.apache.http.wire - http-outgoing-1 << "Report-To: {"endpoints":[{"url":"https:\/\/a.nel.cloudflare.com\/report\/v3?s=hCOH4407amM%2FccJgGWWlV%2B2r%2F889e7GgKTfQAICFPN%2FpKJqAQJJ2oHiuCV2dvNg3d4wAO0H0Zm9DzHdxCyvVEmiO%2FAmzGR7idvUwZ%2FJ27535wJ1HvnjTC9oDDzdgkwVC9hAJsANNtA%3D%3D"}],"group":"cf-nel","max_age":604800}[\r][\n]"
12:02:30.225 [main] DEBUG org.apache.http.wire - http-outgoing-1 << "NEL: {"success_fraction":0,"report_to":"cf-nel","max_age":604800}[\r][\n]"
12:02:30.225 [main] DEBUG org.apache.http.wire - http-outgoing-1 << "Server: cloudflare[\r][\n]"
12:02:30.225 [main] DEBUG org.apache.http.wire - http-outgoing-1 << "CF-RAY: 77ad9f3a195a18ce-SIN[\r][\n]"
12:02:30.225 [main] DEBUG org.apache.http.wire - http-outgoing-1 << "Content-Encoding: gzip[\r][\n]"
12:02:30.225 [main] DEBUG org.apache.http.wire - http-outgoing-1 << "alt-svc: h3=":443"; ma=86400, h3-29=":443"; ma=86400[\r][\n]"
12:02:30.225 [main] DEBUG org.apache.http.wire - http-outgoing-1 << "[\r][\n]"
12:02:30.225 [main] DEBUG org.apache.http.wire - http-outgoing-1 << "17a[\r][\n]"
12:02:30.225 [main] DEBUG org.apache.http.wire - http-outgoing-1 << "[0x1f][0x8b][0x8][0x0][0x0][0x0][0x0][0x0][0x0][0x3][0xe4][0x92][0xc9]n[0x83]0[0x0]D[0xa5][0xf2]9[0xa9][0x80]*[0xa9][0xc8]-%%[0xb5][CYL0[0x97][0x8][0x8][0xc1]6k0[0x88][0xa5][0xea][0xbf]W[0xe9][0xa1]?[0xd1][0xf3][0xd3][0x8c]FO[0xf3][0x5].q[0x1f][0x83][0xdd][0x17][0x88][0xd3]4[0x93][0xf2][0xdc]7EV[0x83][0x1d][0xc8]f[0xc4][0x92]c[0xca]m[0x8e] Y[0xa0]jq(a[0xed]nR[0x3]na[0xd1][0x86][0x81][0x81][0xf4][0xc7]lF[0x5][\r]][0x6]E[0xfb][0xc]K[0xbd][0x8d][0xee]P[0xd0][0x9]WD[0xb1][0xf]d[0xc2][0x8b][0xa3]FGK[0xe0][0x5]/[0xf4][0x84]5[0xaa][0xc1][0xd9]2[0xa0][0x84][0xd5][0x86]%'r/[0xf7][0x12][\r][0x95]i[0xed][0xe4][0xae][0xa6][0xf]Ye[0xca](l[0xf8][0x87][0x81][0xe6]D[0x9b]J([0x1a]N[\n]"
12:02:30.225 [main] DEBUG org.apache.http.wire - http-outgoing-1 << "[0x1d][0xbb][0x81]~[0x8][0x2][0x8b][0xf8][0x8a]j[0x92][0xfb][0x90]*[0xe8][0xe9][0xa9][0x94]w[0x9e]V:[0x8f]B[0xa4]D[0xf9]v[0x1f]i*[0x8b]O[0xe3]@5[0xbd][0x87][0xb5]"aU[0xb2][0x8b][0x1][0xb7][0xd8][0xa7]O[0xd8][0x87][0xaa]}HU[0xec][0x8d]<[\n]"
12:02:30.225 [main] DEBUG org.apache.http.wire - http-outgoing-1 << "[0xd9][0x8]E3Y"[0x9d][0xb0] [0x1b]K[0x90][0xe9][0xea]<[0xde][0xd0][0xde][0x92][0xaf][0xd2][0xb1][0x17][0xbb][0xf3][0xc6]q=F[0xba]s#[0xfc][0xfd][0xc5][0xc]Z[0x87]\g{[0xfb][0xd9]v[0xf5][0xdb][0xe5][0xec][0xe5]`[0x5][0xba][0xec][0xda]e[0x92][0xfd]cs[0x8b][0xa3]b[0xff][0xd7]\X{g3[0xa6]t[0xff]6<[0x17][0xc9][0xfb][0x8b][0xe8][0x14]t[[0xaf]s[0x97][0x91][0x90]j[0x8d][0x89][0x8f][0x92][0xad])[0x12][0xfe]@[0xc0][0xf7][\n]"
12:02:30.225 [main] DEBUG org.apache.http.wire - http-outgoing-1 << "T[0x99][0x94]q[0x9e][0x81][0x1d][0xf0]x^?[0xf0][0xfa]A[0xe][0xbf]7[0x4]+ [0xfb][0xb8][0x1f]$[0xd8]i[0x8a][0xf2][0xfd][0x3][0x0][0x0][0xff][0xff][0x3][0x0][0x18][0x1d]Z[0xe5][0xa6][0x2][0x0][0x0][\r][\n]"
12:02:30.226 [main] DEBUG org.apache.http.headers - http-outgoing-1 << HTTP/1.1 200 OK
12:02:30.226 [main] DEBUG org.apache.http.headers - http-outgoing-1 << Date: Sat, 17 Dec 2022 06:32:31 GMT
12:02:30.226 [main] DEBUG org.apache.http.headers - http-outgoing-1 << Content-Type: application/json; charset=utf-8
12:02:30.226 [main] DEBUG org.apache.http.headers - http-outgoing-1 << Transfer-Encoding: chunked
12:02:30.226 [main] DEBUG org.apache.http.headers - http-outgoing-1 << Connection: keep-alive
12:02:30.226 [main] DEBUG org.apache.http.headers - http-outgoing-1 << X-Powered-By: Express
12:02:30.226 [main] DEBUG org.apache.http.headers - http-outgoing-1 << Access-Control-Allow-Origin: *
12:02:30.226 [main] DEBUG org.apache.http.headers - http-outgoing-1 << ETag: W/"2a6-XYyKhqec05yLrDig587gzENHlz8"
12:02:30.226 [main] DEBUG org.apache.http.headers - http-outgoing-1 << CF-Cache-Status: DYNAMIC
12:02:30.226 [main] DEBUG org.apache.http.headers - http-outgoing-1 << Report-To: {"endpoints":[{"url":"https:\/\/a.nel.cloudflare.com\/report\/v3?s=hCOH4407amM%2FccJgGWWlV%2B2r%2F889e7GgKTfQAICFPN%2FpKJqAQJJ2oHiuCV2dvNg3d4wAO0H0Zm9DzHdxCyvVEmiO%2FAmzGR7idvUwZ%2FJ27535wJ1HvnjTC9oDDzdgkwVC9hAJsANNtA%3D%3D"}],"group":"cf-nel","max_age":604800}
12:02:30.226 [main] DEBUG org.apache.http.headers - http-outgoing-1 << NEL: {"success_fraction":0,"report_to":"cf-nel","max_age":604800}
12:02:30.226 [main] DEBUG org.apache.http.headers - http-outgoing-1 << Server: cloudflare
12:02:30.226 [main] DEBUG org.apache.http.headers - http-outgoing-1 << CF-RAY: 77ad9f3a195a18ce-SIN
12:02:30.226 [main] DEBUG org.apache.http.headers - http-outgoing-1 << Content-Encoding: gzip
12:02:30.226 [main] DEBUG org.apache.http.headers - http-outgoing-1 << alt-svc: h3=":443"; ma=86400, h3-29=":443"; ma=86400
12:02:30.229 [main] DEBUG org.apache.http.impl.execchain.MainClientExec - Connection can be kept alive indefinitely
12:02:30.232 [main] DEBUG com.intuit.karate - response time in milliseconds: 569
1 < 200
1 < Date: Sat, 17 Dec 2022 06:32:31 GMT
1 < Content-Type: application/json; charset=utf-8
1 < Transfer-Encoding: chunked
1 < Connection: keep-alive
1 < X-Powered-By: Express
1 < Access-Control-Allow-Origin: *
1 < ETag: W/"2a6-XYyKhqec05yLrDig587gzENHlz8"
1 < CF-Cache-Status: DYNAMIC
1 < Report-To: {"endpoints":[{"url":"https:\/\/a.nel.cloudflare.com\/report\/v3?s=hCOH4407amM%2FccJgGWWlV%2B2r%2F889e7GgKTfQAICFPN%2FpKJqAQJJ2oHiuCV2dvNg3d4wAO0H0Zm9DzHdxCyvVEmiO%2FAmzGR7idvUwZ%2FJ27535wJ1HvnjTC9oDDzdgkwVC9hAJsANNtA%3D%3D"}],"group":"cf-nel","max_age":604800}
1 < NEL: {"success_fraction":0,"report_to":"cf-nel","max_age":604800}
1 < Server: cloudflare
1 < CF-RAY: 77ad9f3a195a18ce-SIN
1 < alt-svc: h3=":443"; ma=86400, h3-29=":443"; ma=86400
{"data":{"access_token":"eyJhbGciOiJIUzI1NiIsInR5cCI6IkpXVCJ9.eyJkYXRhIjp7Il9pZCI6IjYxMmU0ODUxMzQ1ZGNjMzMzYWM2Y2IyNCIsIm5hbWUiOiJSb2JlcnQgR29uemFsZXoiLCJyb2xlIjoiUk9MRV9DVVNUT01FUiIsImVtYWlsIjoicm9iZXJ0Z29uemFsZXpAZ21haWwuY29tIn0sImlhdCI6MTY3MTI1ODc1MSwiZXhwIjoxNjcxMjU5NjUxfQ.qJANsEsQOzOrSww-wZ9QqUiKBFVpQUfyO6PprnHd_Sg","refresh_token":"eyJhbGciOiJIUzI1NiIsInR5cCI6IkpXVCJ9.eyJkYXRhIjp7Il9pZCI6IjYxMmU0ODUxMzQ1ZGNjMzMzYWM2Y2IyNCIsIm5hbWUiOiJSb2JlcnQgR29uemFsZXoiLCJyb2xlIjoiUk9MRV9DVVNUT01FUiIsImVtYWlsIjoicm9iZXJ0Z29uemFsZXpAZ21haWwuY29tIn0sImlhdCI6MTY3MTI1ODc1MSwiZXhwIjoxNjcxMzQ1MTUxfQ.XnS_FaYYAHu7kbKBjr0Jq--gRhUXY2oFMGsh-YJjTuU"},"message":"Sign in success","status":200}

12:02:30.238 [main] DEBUG com.jayway.jsonpath.internal.path.CompiledPath - Evaluating path: $['message']
12:02:30.256 [main] INFO com.intuit.karate - [print] setAccessTokenForLogin is:  eyJhbGciOiJIUzI1NiIsInR5cCI6IkpXVCJ9.eyJkYXRhIjp7Il9pZCI6IjYxMmU0ODUxMzQ1ZGNjMzMzYWM2Y2IyNCIsIm5hbWUiOiJSb2JlcnQgR29uemFsZXoiLCJyb2xlIjoiUk9MRV9DVVNUT01FUiIsImVtYWlsIjoicm9iZXJ0Z29uemFsZXpAZ21haWwuY29tIn0sImlhdCI6MTY3MTI1ODc1MSwiZXhwIjoxNjcxMjU5NjUxfQ.qJANsEsQOzOrSww-wZ9QqUiKBFVpQUfyO6PprnHd_Sg 
12:02:30.268 [main] INFO com.intuit.karate - [print] setRefreshTokenForLogin is:  eyJhbGciOiJIUzI1NiIsInR5cCI6IkpXVCJ9.eyJkYXRhIjp7Il9pZCI6IjYxMmU0ODUxMzQ1ZGNjMzMzYWM2Y2IyNCIsIm5hbWUiOiJSb2JlcnQgR29uemFsZXoiLCJyb2xlIjoiUk9MRV9DVVNUT01FUiIsImVtYWlsIjoicm9iZXJ0Z29uemFsZXpAZ21haWwuY29tIn0sImlhdCI6MTY3MTI1ODc1MSwiZXhwIjoxNjcxMzQ1MTUxfQ.XnS_FaYYAHu7kbKBjr0Jq--gRhUXY2oFMGsh-YJjTuU 
12:02:30.301 [main] DEBUG com.jayway.jsonpath.internal.path.CompiledPath - Evaluating path: $
12:02:30.303 [main] INFO com.intuit.karate - [print] {
  "email": "robertgonzalez@gmail.com",
  "password": "simple_password"
}
 
12:02:30.306 [main] DEBUG com.jayway.jsonpath.internal.path.CompiledPath - Evaluating path: $
12:02:30.308 [main] DEBUG org.apache.http.client.protocol.RequestAddCookies - CookieSpec selected: karate
12:02:30.308 [main] DEBUG org.apache.http.client.protocol.RequestAuthCache - Auth cache not set in the context
12:02:30.308 [main] DEBUG com.intuit.karate - request:
2 > POST https://api.storerestapi.com/auth/login
2 > Content-Type: application/json; charset=UTF-8
2 > Content-Length: 50
2 > Host: api.storerestapi.com
2 > Connection: Keep-Alive
2 > User-Agent: Apache-HttpClient/4.5.13 (Java/17.0.1)
2 > Accept-Encoding: gzip,deflate
{"email":"robertgonzalez@gmail.com","password":""}

12:02:30.308 [main] DEBUG org.apache.http.impl.conn.PoolingHttpClientConnectionManager - Connection request: [route: {s}->https://api.storerestapi.com:443][total available: 0; route allocated: 0 of 5; total allocated: 0 of 10]
12:02:30.308 [main] DEBUG org.apache.http.impl.conn.PoolingHttpClientConnectionManager - Connection leased: [id: 2][route: {s}->https://api.storerestapi.com:443][total available: 0; route allocated: 1 of 5; total allocated: 1 of 10]
12:02:30.308 [main] DEBUG org.apache.http.impl.execchain.MainClientExec - Opening connection {s}->https://api.storerestapi.com:443
12:02:30.309 [main] DEBUG org.apache.http.impl.conn.DefaultHttpClientConnectionOperator - Connecting to api.storerestapi.com/172.67.193.84:443
12:02:30.309 [main] DEBUG org.apache.http.conn.ssl.SSLConnectionSocketFactory - Connecting socket to api.storerestapi.com/172.67.193.84:443 with timeout 30000
12:02:30.373 [main] DEBUG org.apache.http.conn.ssl.SSLConnectionSocketFactory - Enabled protocols: [TLSv1.3, TLSv1.2]
12:02:30.374 [main] DEBUG org.apache.http.conn.ssl.SSLConnectionSocketFactory - Enabled cipher suites:[TLS_AES_256_GCM_SHA384, TLS_AES_128_GCM_SHA256, TLS_CHACHA20_POLY1305_SHA256, TLS_ECDHE_ECDSA_WITH_AES_256_GCM_SHA384, TLS_ECDHE_ECDSA_WITH_AES_128_GCM_SHA256, TLS_ECDHE_ECDSA_WITH_CHACHA20_POLY1305_SHA256, TLS_ECDHE_RSA_WITH_AES_256_GCM_SHA384, TLS_ECDHE_RSA_WITH_CHACHA20_POLY1305_SHA256, TLS_ECDHE_RSA_WITH_AES_128_GCM_SHA256, TLS_DHE_RSA_WITH_AES_256_GCM_SHA384, TLS_DHE_RSA_WITH_CHACHA20_POLY1305_SHA256, TLS_DHE_DSS_WITH_AES_256_GCM_SHA384, TLS_DHE_RSA_WITH_AES_128_GCM_SHA256, TLS_DHE_DSS_WITH_AES_128_GCM_SHA256, TLS_ECDHE_ECDSA_WITH_AES_256_CBC_SHA384, TLS_ECDHE_RSA_WITH_AES_256_CBC_SHA384, TLS_ECDHE_ECDSA_WITH_AES_128_CBC_SHA256, TLS_ECDHE_RSA_WITH_AES_128_CBC_SHA256, TLS_DHE_RSA_WITH_AES_256_CBC_SHA256, TLS_DHE_DSS_WITH_AES_256_CBC_SHA256, TLS_DHE_RSA_WITH_AES_128_CBC_SHA256, TLS_DHE_DSS_WITH_AES_128_CBC_SHA256, TLS_ECDH_ECDSA_WITH_AES_256_GCM_SHA384, TLS_ECDH_RSA_WITH_AES_256_GCM_SHA384, TLS_ECDH_ECDSA_WITH_AES_128_GCM_SHA256, TLS_ECDH_RSA_WITH_AES_128_GCM_SHA256, TLS_ECDH_ECDSA_WITH_AES_256_CBC_SHA384, TLS_ECDH_RSA_WITH_AES_256_CBC_SHA384, TLS_ECDH_ECDSA_WITH_AES_128_CBC_SHA256, TLS_ECDH_RSA_WITH_AES_128_CBC_SHA256, TLS_ECDHE_ECDSA_WITH_AES_256_CBC_SHA, TLS_ECDHE_RSA_WITH_AES_256_CBC_SHA, TLS_ECDHE_ECDSA_WITH_AES_128_CBC_SHA, TLS_ECDHE_RSA_WITH_AES_128_CBC_SHA, TLS_DHE_RSA_WITH_AES_256_CBC_SHA, TLS_DHE_DSS_WITH_AES_256_CBC_SHA, TLS_DHE_RSA_WITH_AES_128_CBC_SHA, TLS_DHE_DSS_WITH_AES_128_CBC_SHA, TLS_ECDH_ECDSA_WITH_AES_256_CBC_SHA, TLS_ECDH_RSA_WITH_AES_256_CBC_SHA, TLS_ECDH_ECDSA_WITH_AES_128_CBC_SHA, TLS_ECDH_RSA_WITH_AES_128_CBC_SHA, TLS_RSA_WITH_AES_256_GCM_SHA384, TLS_RSA_WITH_AES_128_GCM_SHA256, TLS_RSA_WITH_AES_256_CBC_SHA256, TLS_RSA_WITH_AES_128_CBC_SHA256, TLS_RSA_WITH_AES_256_CBC_SHA, TLS_RSA_WITH_AES_128_CBC_SHA, TLS_EMPTY_RENEGOTIATION_INFO_SCSV]
12:02:30.374 [main] DEBUG org.apache.http.conn.ssl.SSLConnectionSocketFactory - Starting handshake
12:02:30.456 [main] DEBUG org.apache.http.conn.ssl.SSLConnectionSocketFactory - Secure session established
12:02:30.456 [main] DEBUG org.apache.http.conn.ssl.SSLConnectionSocketFactory -  negotiated protocol: TLSv1.3
12:02:30.456 [main] DEBUG org.apache.http.conn.ssl.SSLConnectionSocketFactory -  negotiated cipher suite: TLS_AES_256_GCM_SHA384
12:02:30.456 [main] DEBUG org.apache.http.conn.ssl.SSLConnectionSocketFactory -  peer principal: CN=*.storerestapi.com
12:02:30.456 [main] DEBUG org.apache.http.conn.ssl.SSLConnectionSocketFactory -  peer alternative names: [*.storerestapi.com, storerestapi.com]
12:02:30.456 [main] DEBUG org.apache.http.conn.ssl.SSLConnectionSocketFactory -  issuer principal: CN=E1, O=Let's Encrypt, C=US
12:02:30.457 [main] DEBUG org.apache.http.impl.conn.DefaultHttpClientConnectionOperator - Connection established 10.1.5.60:54435<->172.67.193.84:443
12:02:30.457 [main] DEBUG org.apache.http.impl.conn.DefaultManagedHttpClientConnection - http-outgoing-2: set socket timeout to 30000
12:02:30.457 [main] DEBUG org.apache.http.impl.execchain.MainClientExec - Executing request POST /auth/login HTTP/1.1
12:02:30.457 [main] DEBUG org.apache.http.impl.execchain.MainClientExec - Target auth state: UNCHALLENGED
12:02:30.457 [main] DEBUG org.apache.http.impl.execchain.MainClientExec - Proxy auth state: UNCHALLENGED
12:02:30.457 [main] DEBUG org.apache.http.headers - http-outgoing-2 >> POST /auth/login HTTP/1.1
12:02:30.457 [main] DEBUG org.apache.http.headers - http-outgoing-2 >> Content-Type: application/json; charset=UTF-8
12:02:30.457 [main] DEBUG org.apache.http.headers - http-outgoing-2 >> Content-Length: 50
12:02:30.457 [main] DEBUG org.apache.http.headers - http-outgoing-2 >> Host: api.storerestapi.com
12:02:30.457 [main] DEBUG org.apache.http.headers - http-outgoing-2 >> Connection: Keep-Alive
12:02:30.457 [main] DEBUG org.apache.http.headers - http-outgoing-2 >> User-Agent: Apache-HttpClient/4.5.13 (Java/17.0.1)
12:02:30.457 [main] DEBUG org.apache.http.headers - http-outgoing-2 >> Accept-Encoding: gzip,deflate
12:02:30.457 [main] DEBUG org.apache.http.wire - http-outgoing-2 >> "POST /auth/login HTTP/1.1[\r][\n]"
12:02:30.457 [main] DEBUG org.apache.http.wire - http-outgoing-2 >> "Content-Type: application/json; charset=UTF-8[\r][\n]"
12:02:30.457 [main] DEBUG org.apache.http.wire - http-outgoing-2 >> "Content-Length: 50[\r][\n]"
12:02:30.458 [main] DEBUG org.apache.http.wire - http-outgoing-2 >> "Host: api.storerestapi.com[\r][\n]"
12:02:30.458 [main] DEBUG org.apache.http.wire - http-outgoing-2 >> "Connection: Keep-Alive[\r][\n]"
12:02:30.458 [main] DEBUG org.apache.http.wire - http-outgoing-2 >> "User-Agent: Apache-HttpClient/4.5.13 (Java/17.0.1)[\r][\n]"
12:02:30.458 [main] DEBUG org.apache.http.wire - http-outgoing-2 >> "Accept-Encoding: gzip,deflate[\r][\n]"
12:02:30.458 [main] DEBUG org.apache.http.wire - http-outgoing-2 >> "[\r][\n]"
12:02:30.458 [main] DEBUG org.apache.http.wire - http-outgoing-2 >> "{"email":"robertgonzalez@gmail.com","password":""}"
12:02:30.731 [main] DEBUG org.apache.http.wire - http-outgoing-2 << "HTTP/1.1 422 Unprocessable Entity[\r][\n]"
12:02:30.731 [main] DEBUG org.apache.http.wire - http-outgoing-2 << "Date: Sat, 17 Dec 2022 06:32:31 GMT[\r][\n]"
12:02:30.731 [main] DEBUG org.apache.http.wire - http-outgoing-2 << "Content-Type: application/json; charset=utf-8[\r][\n]"
12:02:30.731 [main] DEBUG org.apache.http.wire - http-outgoing-2 << "Content-Length: 66[\r][\n]"
12:02:30.732 [main] DEBUG org.apache.http.wire - http-outgoing-2 << "Connection: keep-alive[\r][\n]"
12:02:30.732 [main] DEBUG org.apache.http.wire - http-outgoing-2 << "X-Powered-By: Express[\r][\n]"
12:02:30.732 [main] DEBUG org.apache.http.wire - http-outgoing-2 << "Access-Control-Allow-Origin: *[\r][\n]"
12:02:30.732 [main] DEBUG org.apache.http.wire - http-outgoing-2 << "ETag: W/"42-yQ/u5GA8lPwGovRnvoWw3fbLvmo"[\r][\n]"
12:02:30.732 [main] DEBUG org.apache.http.wire - http-outgoing-2 << "CF-Cache-Status: DYNAMIC[\r][\n]"
12:02:30.732 [main] DEBUG org.apache.http.wire - http-outgoing-2 << "Report-To: {"endpoints":[{"url":"https:\/\/a.nel.cloudflare.com\/report\/v3?s=poaWVxn0hQEBysKBfF1xmnWi5mxPGAPGTu4zvLJNqm9UUP2YElyp1eMY%2BVuHv2kaO4t4koxeiu3L5NEPsToEM4Fmr2kexnPbH5HNmq402WX2WWXJj90q9iH8dtm3jMi87TgAFWpvhQ%3D%3D"}],"group":"cf-nel","max_age":604800}[\r][\n]"
12:02:30.732 [main] DEBUG org.apache.http.wire - http-outgoing-2 << "NEL: {"success_fraction":0,"report_to":"cf-nel","max_age":604800}[\r][\n]"
12:02:30.732 [main] DEBUG org.apache.http.wire - http-outgoing-2 << "Server: cloudflare[\r][\n]"
12:02:30.732 [main] DEBUG org.apache.http.wire - http-outgoing-2 << "CF-RAY: 77ad9f3de8c987c0-SIN[\r][\n]"
12:02:30.732 [main] DEBUG org.apache.http.wire - http-outgoing-2 << "alt-svc: h3=":443"; ma=86400, h3-29=":443"; ma=86400[\r][\n]"
12:02:30.732 [main] DEBUG org.apache.http.wire - http-outgoing-2 << "[\r][\n]"
12:02:30.732 [main] DEBUG org.apache.http.wire - http-outgoing-2 << "{"status":422,"message":"\"password\" is not allowed to be empty"}"
12:02:30.732 [main] DEBUG org.apache.http.headers - http-outgoing-2 << HTTP/1.1 422 Unprocessable Entity
12:02:30.732 [main] DEBUG org.apache.http.headers - http-outgoing-2 << Date: Sat, 17 Dec 2022 06:32:31 GMT
12:02:30.732 [main] DEBUG org.apache.http.headers - http-outgoing-2 << Content-Type: application/json; charset=utf-8
12:02:30.732 [main] DEBUG org.apache.http.headers - http-outgoing-2 << Content-Length: 66
12:02:30.732 [main] DEBUG org.apache.http.headers - http-outgoing-2 << Connection: keep-alive
12:02:30.732 [main] DEBUG org.apache.http.headers - http-outgoing-2 << X-Powered-By: Express
12:02:30.732 [main] DEBUG org.apache.http.headers - http-outgoing-2 << Access-Control-Allow-Origin: *
12:02:30.732 [main] DEBUG org.apache.http.headers - http-outgoing-2 << ETag: W/"42-yQ/u5GA8lPwGovRnvoWw3fbLvmo"
12:02:30.732 [main] DEBUG org.apache.http.headers - http-outgoing-2 << CF-Cache-Status: DYNAMIC
12:02:30.732 [main] DEBUG org.apache.http.headers - http-outgoing-2 << Report-To: {"endpoints":[{"url":"https:\/\/a.nel.cloudflare.com\/report\/v3?s=poaWVxn0hQEBysKBfF1xmnWi5mxPGAPGTu4zvLJNqm9UUP2YElyp1eMY%2BVuHv2kaO4t4koxeiu3L5NEPsToEM4Fmr2kexnPbH5HNmq402WX2WWXJj90q9iH8dtm3jMi87TgAFWpvhQ%3D%3D"}],"group":"cf-nel","max_age":604800}
12:02:30.732 [main] DEBUG org.apache.http.headers - http-outgoing-2 << NEL: {"success_fraction":0,"report_to":"cf-nel","max_age":604800}
12:02:30.732 [main] DEBUG org.apache.http.headers - http-outgoing-2 << Server: cloudflare
12:02:30.732 [main] DEBUG org.apache.http.headers - http-outgoing-2 << CF-RAY: 77ad9f3de8c987c0-SIN
12:02:30.732 [main] DEBUG org.apache.http.headers - http-outgoing-2 << alt-svc: h3=":443"; ma=86400, h3-29=":443"; ma=86400
12:02:30.733 [main] DEBUG org.apache.http.impl.execchain.MainClientExec - Connection can be kept alive indefinitely
12:02:30.733 [main] DEBUG org.apache.http.impl.conn.PoolingHttpClientConnectionManager - Connection [id: 2][route: {s}->https://api.storerestapi.com:443] can be kept alive indefinitely
12:02:30.733 [main] DEBUG org.apache.http.impl.conn.DefaultManagedHttpClientConnection - http-outgoing-2: set socket timeout to 0
12:02:30.733 [main] DEBUG org.apache.http.impl.conn.PoolingHttpClientConnectionManager - Connection released: [id: 2][route: {s}->https://api.storerestapi.com:443][total available: 1; route allocated: 1 of 5; total allocated: 1 of 10]
12:02:30.733 [main] DEBUG com.intuit.karate - response time in milliseconds: 425
2 < 422
2 < Date: Sat, 17 Dec 2022 06:32:31 GMT
2 < Content-Type: application/json; charset=utf-8
2 < Content-Length: 66
2 < Connection: keep-alive
2 < X-Powered-By: Express
2 < Access-Control-Allow-Origin: *
2 < ETag: W/"42-yQ/u5GA8lPwGovRnvoWw3fbLvmo"
2 < CF-Cache-Status: DYNAMIC
2 < Report-To: {"endpoints":[{"url":"https:\/\/a.nel.cloudflare.com\/report\/v3?s=poaWVxn0hQEBysKBfF1xmnWi5mxPGAPGTu4zvLJNqm9UUP2YElyp1eMY%2BVuHv2kaO4t4koxeiu3L5NEPsToEM4Fmr2kexnPbH5HNmq402WX2WWXJj90q9iH8dtm3jMi87TgAFWpvhQ%3D%3D"}],"group":"cf-nel","max_age":604800}
2 < NEL: {"success_fraction":0,"report_to":"cf-nel","max_age":604800}
2 < Server: cloudflare
2 < CF-RAY: 77ad9f3de8c987c0-SIN
2 < alt-svc: h3=":443"; ma=86400, h3-29=":443"; ma=86400
{"status":422,"message":"\"password\" is not allowed to be empty"}

12:02:30.736 [main] DEBUG com.jayway.jsonpath.internal.path.CompiledPath - Evaluating path: $['message']
12:02:30.748 [main] DEBUG com.jayway.jsonpath.internal.path.CompiledPath - Evaluating path: $
12:02:30.749 [main] INFO com.intuit.karate - [print] {
  "email": "robertgonzalez@gmail.com",
  "password": "simple_password"
}
 
12:02:30.750 [main] DEBUG com.jayway.jsonpath.internal.path.CompiledPath - Evaluating path: $
12:02:30.753 [main] DEBUG org.apache.http.client.protocol.RequestAddCookies - CookieSpec selected: karate
12:02:30.753 [main] DEBUG org.apache.http.client.protocol.RequestAuthCache - Auth cache not set in the context
12:02:30.753 [main] DEBUG com.intuit.karate - request:
3 > POST https://api.storerestapi.com/auth/login
3 > Content-Type: application/json; charset=UTF-8
3 > Content-Length: 41
3 > Host: api.storerestapi.com
3 > Connection: Keep-Alive
3 > User-Agent: Apache-HttpClient/4.5.13 (Java/17.0.1)
3 > Accept-Encoding: gzip,deflate
{"email":"","password":"simple_password"}

12:02:30.754 [main] DEBUG org.apache.http.impl.conn.PoolingHttpClientConnectionManager - Connection request: [route: {s}->https://api.storerestapi.com:443][total available: 0; route allocated: 0 of 5; total allocated: 0 of 10]
12:02:30.754 [main] DEBUG org.apache.http.impl.conn.PoolingHttpClientConnectionManager - Connection leased: [id: 3][route: {s}->https://api.storerestapi.com:443][total available: 0; route allocated: 1 of 5; total allocated: 1 of 10]
12:02:30.754 [main] DEBUG org.apache.http.impl.execchain.MainClientExec - Opening connection {s}->https://api.storerestapi.com:443
12:02:30.754 [main] DEBUG org.apache.http.impl.conn.DefaultHttpClientConnectionOperator - Connecting to api.storerestapi.com/172.67.193.84:443
12:02:30.754 [main] DEBUG org.apache.http.conn.ssl.SSLConnectionSocketFactory - Connecting socket to api.storerestapi.com/172.67.193.84:443 with timeout 30000
12:02:30.815 [main] DEBUG org.apache.http.conn.ssl.SSLConnectionSocketFactory - Enabled protocols: [TLSv1.3, TLSv1.2]
12:02:30.816 [main] DEBUG org.apache.http.conn.ssl.SSLConnectionSocketFactory - Enabled cipher suites:[TLS_AES_256_GCM_SHA384, TLS_AES_128_GCM_SHA256, TLS_CHACHA20_POLY1305_SHA256, TLS_ECDHE_ECDSA_WITH_AES_256_GCM_SHA384, TLS_ECDHE_ECDSA_WITH_AES_128_GCM_SHA256, TLS_ECDHE_ECDSA_WITH_CHACHA20_POLY1305_SHA256, TLS_ECDHE_RSA_WITH_AES_256_GCM_SHA384, TLS_ECDHE_RSA_WITH_CHACHA20_POLY1305_SHA256, TLS_ECDHE_RSA_WITH_AES_128_GCM_SHA256, TLS_DHE_RSA_WITH_AES_256_GCM_SHA384, TLS_DHE_RSA_WITH_CHACHA20_POLY1305_SHA256, TLS_DHE_DSS_WITH_AES_256_GCM_SHA384, TLS_DHE_RSA_WITH_AES_128_GCM_SHA256, TLS_DHE_DSS_WITH_AES_128_GCM_SHA256, TLS_ECDHE_ECDSA_WITH_AES_256_CBC_SHA384, TLS_ECDHE_RSA_WITH_AES_256_CBC_SHA384, TLS_ECDHE_ECDSA_WITH_AES_128_CBC_SHA256, TLS_ECDHE_RSA_WITH_AES_128_CBC_SHA256, TLS_DHE_RSA_WITH_AES_256_CBC_SHA256, TLS_DHE_DSS_WITH_AES_256_CBC_SHA256, TLS_DHE_RSA_WITH_AES_128_CBC_SHA256, TLS_DHE_DSS_WITH_AES_128_CBC_SHA256, TLS_ECDH_ECDSA_WITH_AES_256_GCM_SHA384, TLS_ECDH_RSA_WITH_AES_256_GCM_SHA384, TLS_ECDH_ECDSA_WITH_AES_128_GCM_SHA256, TLS_ECDH_RSA_WITH_AES_128_GCM_SHA256, TLS_ECDH_ECDSA_WITH_AES_256_CBC_SHA384, TLS_ECDH_RSA_WITH_AES_256_CBC_SHA384, TLS_ECDH_ECDSA_WITH_AES_128_CBC_SHA256, TLS_ECDH_RSA_WITH_AES_128_CBC_SHA256, TLS_ECDHE_ECDSA_WITH_AES_256_CBC_SHA, TLS_ECDHE_RSA_WITH_AES_256_CBC_SHA, TLS_ECDHE_ECDSA_WITH_AES_128_CBC_SHA, TLS_ECDHE_RSA_WITH_AES_128_CBC_SHA, TLS_DHE_RSA_WITH_AES_256_CBC_SHA, TLS_DHE_DSS_WITH_AES_256_CBC_SHA, TLS_DHE_RSA_WITH_AES_128_CBC_SHA, TLS_DHE_DSS_WITH_AES_128_CBC_SHA, TLS_ECDH_ECDSA_WITH_AES_256_CBC_SHA, TLS_ECDH_RSA_WITH_AES_256_CBC_SHA, TLS_ECDH_ECDSA_WITH_AES_128_CBC_SHA, TLS_ECDH_RSA_WITH_AES_128_CBC_SHA, TLS_RSA_WITH_AES_256_GCM_SHA384, TLS_RSA_WITH_AES_128_GCM_SHA256, TLS_RSA_WITH_AES_256_CBC_SHA256, TLS_RSA_WITH_AES_128_CBC_SHA256, TLS_RSA_WITH_AES_256_CBC_SHA, TLS_RSA_WITH_AES_128_CBC_SHA, TLS_EMPTY_RENEGOTIATION_INFO_SCSV]
12:02:30.816 [main] DEBUG org.apache.http.conn.ssl.SSLConnectionSocketFactory - Starting handshake
12:02:30.893 [main] DEBUG org.apache.http.conn.ssl.SSLConnectionSocketFactory - Secure session established
12:02:30.893 [main] DEBUG org.apache.http.conn.ssl.SSLConnectionSocketFactory -  negotiated protocol: TLSv1.3
12:02:30.893 [main] DEBUG org.apache.http.conn.ssl.SSLConnectionSocketFactory -  negotiated cipher suite: TLS_AES_256_GCM_SHA384
12:02:30.893 [main] DEBUG org.apache.http.conn.ssl.SSLConnectionSocketFactory -  peer principal: CN=*.storerestapi.com
12:02:30.893 [main] DEBUG org.apache.http.conn.ssl.SSLConnectionSocketFactory -  peer alternative names: [*.storerestapi.com, storerestapi.com]
12:02:30.893 [main] DEBUG org.apache.http.conn.ssl.SSLConnectionSocketFactory -  issuer principal: CN=E1, O=Let's Encrypt, C=US
12:02:30.893 [main] DEBUG org.apache.http.impl.conn.DefaultHttpClientConnectionOperator - Connection established 10.1.5.60:54436<->172.67.193.84:443
12:02:30.893 [main] DEBUG org.apache.http.impl.conn.DefaultManagedHttpClientConnection - http-outgoing-3: set socket timeout to 30000
12:02:30.893 [main] DEBUG org.apache.http.impl.execchain.MainClientExec - Executing request POST /auth/login HTTP/1.1
12:02:30.893 [main] DEBUG org.apache.http.impl.execchain.MainClientExec - Target auth state: UNCHALLENGED
12:02:30.893 [main] DEBUG org.apache.http.impl.execchain.MainClientExec - Proxy auth state: UNCHALLENGED
12:02:30.893 [main] DEBUG org.apache.http.headers - http-outgoing-3 >> POST /auth/login HTTP/1.1
12:02:30.893 [main] DEBUG org.apache.http.headers - http-outgoing-3 >> Content-Type: application/json; charset=UTF-8
12:02:30.893 [main] DEBUG org.apache.http.headers - http-outgoing-3 >> Content-Length: 41
12:02:30.893 [main] DEBUG org.apache.http.headers - http-outgoing-3 >> Host: api.storerestapi.com
12:02:30.893 [main] DEBUG org.apache.http.headers - http-outgoing-3 >> Connection: Keep-Alive
12:02:30.894 [main] DEBUG org.apache.http.headers - http-outgoing-3 >> User-Agent: Apache-HttpClient/4.5.13 (Java/17.0.1)
12:02:30.894 [main] DEBUG org.apache.http.headers - http-outgoing-3 >> Accept-Encoding: gzip,deflate
12:02:30.894 [main] DEBUG org.apache.http.wire - http-outgoing-3 >> "POST /auth/login HTTP/1.1[\r][\n]"
12:02:30.894 [main] DEBUG org.apache.http.wire - http-outgoing-3 >> "Content-Type: application/json; charset=UTF-8[\r][\n]"
12:02:30.894 [main] DEBUG org.apache.http.wire - http-outgoing-3 >> "Content-Length: 41[\r][\n]"
12:02:30.894 [main] DEBUG org.apache.http.wire - http-outgoing-3 >> "Host: api.storerestapi.com[\r][\n]"
12:02:30.894 [main] DEBUG org.apache.http.wire - http-outgoing-3 >> "Connection: Keep-Alive[\r][\n]"
12:02:30.894 [main] DEBUG org.apache.http.wire - http-outgoing-3 >> "User-Agent: Apache-HttpClient/4.5.13 (Java/17.0.1)[\r][\n]"
12:02:30.894 [main] DEBUG org.apache.http.wire - http-outgoing-3 >> "Accept-Encoding: gzip,deflate[\r][\n]"
12:02:30.894 [main] DEBUG org.apache.http.wire - http-outgoing-3 >> "[\r][\n]"
12:02:30.894 [main] DEBUG org.apache.http.wire - http-outgoing-3 >> "{"email":"","password":"simple_password"}"
12:02:31.170 [main] DEBUG org.apache.http.wire - http-outgoing-3 << "HTTP/1.1 422 Unprocessable Entity[\r][\n]"
12:02:31.171 [main] DEBUG org.apache.http.wire - http-outgoing-3 << "Date: Sat, 17 Dec 2022 06:32:32 GMT[\r][\n]"
12:02:31.171 [main] DEBUG org.apache.http.wire - http-outgoing-3 << "Content-Type: application/json; charset=utf-8[\r][\n]"
12:02:31.171 [main] DEBUG org.apache.http.wire - http-outgoing-3 << "Content-Length: 63[\r][\n]"
12:02:31.171 [main] DEBUG org.apache.http.wire - http-outgoing-3 << "Connection: keep-alive[\r][\n]"
12:02:31.171 [main] DEBUG org.apache.http.wire - http-outgoing-3 << "X-Powered-By: Express[\r][\n]"
12:02:31.171 [main] DEBUG org.apache.http.wire - http-outgoing-3 << "Access-Control-Allow-Origin: *[\r][\n]"
12:02:31.171 [main] DEBUG org.apache.http.wire - http-outgoing-3 << "ETag: W/"3f-aD64d4wZd9a2Qss7/xYsCESysug"[\r][\n]"
12:02:31.171 [main] DEBUG org.apache.http.wire - http-outgoing-3 << "CF-Cache-Status: DYNAMIC[\r][\n]"
12:02:31.171 [main] DEBUG org.apache.http.wire - http-outgoing-3 << "Report-To: {"endpoints":[{"url":"https:\/\/a.nel.cloudflare.com\/report\/v3?s=f0EVc3A1%2Ba6aTkUKATg3XG7AhhV87121scCNJHYMPwOgxNUewvHrIBOi4jYuJgq%2FuC1kDfCdcsjwpSkBoXBYxvFyhkGjO%2B5Qy9A949PvvMDD1rKqjgJabMd6fY4mGkRJSRmREFE13w%3D%3D"}],"group":"cf-nel","max_age":604800}[\r][\n]"
12:02:31.171 [main] DEBUG org.apache.http.wire - http-outgoing-3 << "NEL: {"success_fraction":0,"report_to":"cf-nel","max_age":604800}[\r][\n]"
12:02:31.171 [main] DEBUG org.apache.http.wire - http-outgoing-3 << "Server: cloudflare[\r][\n]"
12:02:31.171 [main] DEBUG org.apache.http.wire - http-outgoing-3 << "CF-RAY: 77ad9f40aab04b5c-SIN[\r][\n]"
12:02:31.171 [main] DEBUG org.apache.http.wire - http-outgoing-3 << "alt-svc: h3=":443"; ma=86400, h3-29=":443"; ma=86400[\r][\n]"
12:02:31.171 [main] DEBUG org.apache.http.wire - http-outgoing-3 << "[\r][\n]"
12:02:31.171 [main] DEBUG org.apache.http.wire - http-outgoing-3 << "{"status":422,"message":"\"email\" is not allowed to be empty"}"
12:02:31.171 [main] DEBUG org.apache.http.headers - http-outgoing-3 << HTTP/1.1 422 Unprocessable Entity
12:02:31.171 [main] DEBUG org.apache.http.headers - http-outgoing-3 << Date: Sat, 17 Dec 2022 06:32:32 GMT
12:02:31.171 [main] DEBUG org.apache.http.headers - http-outgoing-3 << Content-Type: application/json; charset=utf-8
12:02:31.171 [main] DEBUG org.apache.http.headers - http-outgoing-3 << Content-Length: 63
12:02:31.171 [main] DEBUG org.apache.http.headers - http-outgoing-3 << Connection: keep-alive
12:02:31.171 [main] DEBUG org.apache.http.headers - http-outgoing-3 << X-Powered-By: Express
12:02:31.171 [main] DEBUG org.apache.http.headers - http-outgoing-3 << Access-Control-Allow-Origin: *
12:02:31.171 [main] DEBUG org.apache.http.headers - http-outgoing-3 << ETag: W/"3f-aD64d4wZd9a2Qss7/xYsCESysug"
12:02:31.171 [main] DEBUG org.apache.http.headers - http-outgoing-3 << CF-Cache-Status: DYNAMIC
12:02:31.171 [main] DEBUG org.apache.http.headers - http-outgoing-3 << Report-To: {"endpoints":[{"url":"https:\/\/a.nel.cloudflare.com\/report\/v3?s=f0EVc3A1%2Ba6aTkUKATg3XG7AhhV87121scCNJHYMPwOgxNUewvHrIBOi4jYuJgq%2FuC1kDfCdcsjwpSkBoXBYxvFyhkGjO%2B5Qy9A949PvvMDD1rKqjgJabMd6fY4mGkRJSRmREFE13w%3D%3D"}],"group":"cf-nel","max_age":604800}
12:02:31.171 [main] DEBUG org.apache.http.headers - http-outgoing-3 << NEL: {"success_fraction":0,"report_to":"cf-nel","max_age":604800}
12:02:31.171 [main] DEBUG org.apache.http.headers - http-outgoing-3 << Server: cloudflare
12:02:31.171 [main] DEBUG org.apache.http.headers - http-outgoing-3 << CF-RAY: 77ad9f40aab04b5c-SIN
12:02:31.171 [main] DEBUG org.apache.http.headers - http-outgoing-3 << alt-svc: h3=":443"; ma=86400, h3-29=":443"; ma=86400
12:02:31.171 [main] DEBUG org.apache.http.impl.execchain.MainClientExec - Connection can be kept alive indefinitely
12:02:31.172 [main] DEBUG org.apache.http.impl.conn.PoolingHttpClientConnectionManager - Connection [id: 3][route: {s}->https://api.storerestapi.com:443] can be kept alive indefinitely
12:02:31.172 [main] DEBUG org.apache.http.impl.conn.DefaultManagedHttpClientConnection - http-outgoing-3: set socket timeout to 0
12:02:31.172 [main] DEBUG org.apache.http.impl.conn.PoolingHttpClientConnectionManager - Connection released: [id: 3][route: {s}->https://api.storerestapi.com:443][total available: 1; route allocated: 1 of 5; total allocated: 1 of 10]
12:02:31.172 [main] DEBUG com.intuit.karate - response time in milliseconds: 419
3 < 422
3 < Date: Sat, 17 Dec 2022 06:32:32 GMT
3 < Content-Type: application/json; charset=utf-8
3 < Content-Length: 63
3 < Connection: keep-alive
3 < X-Powered-By: Express
3 < Access-Control-Allow-Origin: *
3 < ETag: W/"3f-aD64d4wZd9a2Qss7/xYsCESysug"
3 < CF-Cache-Status: DYNAMIC
3 < Report-To: {"endpoints":[{"url":"https:\/\/a.nel.cloudflare.com\/report\/v3?s=f0EVc3A1%2Ba6aTkUKATg3XG7AhhV87121scCNJHYMPwOgxNUewvHrIBOi4jYuJgq%2FuC1kDfCdcsjwpSkBoXBYxvFyhkGjO%2B5Qy9A949PvvMDD1rKqjgJabMd6fY4mGkRJSRmREFE13w%3D%3D"}],"group":"cf-nel","max_age":604800}
3 < NEL: {"success_fraction":0,"report_to":"cf-nel","max_age":604800}
3 < Server: cloudflare
3 < CF-RAY: 77ad9f40aab04b5c-SIN
3 < alt-svc: h3=":443"; ma=86400, h3-29=":443"; ma=86400
{"status":422,"message":"\"email\" is not allowed to be empty"}

12:02:31.174 [main] DEBUG com.jayway.jsonpath.internal.path.CompiledPath - Evaluating path: $['message']
12:02:31.184 [main] DEBUG com.jayway.jsonpath.internal.path.CompiledPath - Evaluating path: $
12:02:31.185 [main] INFO com.intuit.karate - [print] {
  "email": "robertgonzalez@gmail.com",
  "password": "simple_password"
}
 
12:02:31.187 [main] DEBUG com.jayway.jsonpath.internal.path.CompiledPath - Evaluating path: $
12:02:31.189 [main] DEBUG org.apache.http.client.protocol.RequestAddCookies - CookieSpec selected: karate
12:02:31.189 [main] DEBUG org.apache.http.client.protocol.RequestAuthCache - Auth cache not set in the context
12:02:31.189 [main] DEBUG com.intuit.karate - request:
4 > POST https://api.storerestapi.com/auth/login
4 > Content-Type: application/json; charset=UTF-8
4 > Content-Length: 56
4 > Host: api.storerestapi.com
4 > Connection: Keep-Alive
4 > User-Agent: Apache-HttpClient/4.5.13 (Java/17.0.1)
4 > Accept-Encoding: gzip,deflate
{"email":"robertgonzalez@gmail.com","password":"simple"}

12:02:31.189 [main] DEBUG org.apache.http.impl.conn.PoolingHttpClientConnectionManager - Connection request: [route: {s}->https://api.storerestapi.com:443][total available: 0; route allocated: 0 of 5; total allocated: 0 of 10]
12:02:31.189 [main] DEBUG org.apache.http.impl.conn.PoolingHttpClientConnectionManager - Connection leased: [id: 4][route: {s}->https://api.storerestapi.com:443][total available: 0; route allocated: 1 of 5; total allocated: 1 of 10]
12:02:31.190 [main] DEBUG org.apache.http.impl.execchain.MainClientExec - Opening connection {s}->https://api.storerestapi.com:443
12:02:31.190 [main] DEBUG org.apache.http.impl.conn.DefaultHttpClientConnectionOperator - Connecting to api.storerestapi.com/172.67.193.84:443
12:02:31.190 [main] DEBUG org.apache.http.conn.ssl.SSLConnectionSocketFactory - Connecting socket to api.storerestapi.com/172.67.193.84:443 with timeout 30000
12:02:31.257 [main] DEBUG org.apache.http.conn.ssl.SSLConnectionSocketFactory - Enabled protocols: [TLSv1.3, TLSv1.2]
12:02:31.257 [main] DEBUG org.apache.http.conn.ssl.SSLConnectionSocketFactory - Enabled cipher suites:[TLS_AES_256_GCM_SHA384, TLS_AES_128_GCM_SHA256, TLS_CHACHA20_POLY1305_SHA256, TLS_ECDHE_ECDSA_WITH_AES_256_GCM_SHA384, TLS_ECDHE_ECDSA_WITH_AES_128_GCM_SHA256, TLS_ECDHE_ECDSA_WITH_CHACHA20_POLY1305_SHA256, TLS_ECDHE_RSA_WITH_AES_256_GCM_SHA384, TLS_ECDHE_RSA_WITH_CHACHA20_POLY1305_SHA256, TLS_ECDHE_RSA_WITH_AES_128_GCM_SHA256, TLS_DHE_RSA_WITH_AES_256_GCM_SHA384, TLS_DHE_RSA_WITH_CHACHA20_POLY1305_SHA256, TLS_DHE_DSS_WITH_AES_256_GCM_SHA384, TLS_DHE_RSA_WITH_AES_128_GCM_SHA256, TLS_DHE_DSS_WITH_AES_128_GCM_SHA256, TLS_ECDHE_ECDSA_WITH_AES_256_CBC_SHA384, TLS_ECDHE_RSA_WITH_AES_256_CBC_SHA384, TLS_ECDHE_ECDSA_WITH_AES_128_CBC_SHA256, TLS_ECDHE_RSA_WITH_AES_128_CBC_SHA256, TLS_DHE_RSA_WITH_AES_256_CBC_SHA256, TLS_DHE_DSS_WITH_AES_256_CBC_SHA256, TLS_DHE_RSA_WITH_AES_128_CBC_SHA256, TLS_DHE_DSS_WITH_AES_128_CBC_SHA256, TLS_ECDH_ECDSA_WITH_AES_256_GCM_SHA384, TLS_ECDH_RSA_WITH_AES_256_GCM_SHA384, TLS_ECDH_ECDSA_WITH_AES_128_GCM_SHA256, TLS_ECDH_RSA_WITH_AES_128_GCM_SHA256, TLS_ECDH_ECDSA_WITH_AES_256_CBC_SHA384, TLS_ECDH_RSA_WITH_AES_256_CBC_SHA384, TLS_ECDH_ECDSA_WITH_AES_128_CBC_SHA256, TLS_ECDH_RSA_WITH_AES_128_CBC_SHA256, TLS_ECDHE_ECDSA_WITH_AES_256_CBC_SHA, TLS_ECDHE_RSA_WITH_AES_256_CBC_SHA, TLS_ECDHE_ECDSA_WITH_AES_128_CBC_SHA, TLS_ECDHE_RSA_WITH_AES_128_CBC_SHA, TLS_DHE_RSA_WITH_AES_256_CBC_SHA, TLS_DHE_DSS_WITH_AES_256_CBC_SHA, TLS_DHE_RSA_WITH_AES_128_CBC_SHA, TLS_DHE_DSS_WITH_AES_128_CBC_SHA, TLS_ECDH_ECDSA_WITH_AES_256_CBC_SHA, TLS_ECDH_RSA_WITH_AES_256_CBC_SHA, TLS_ECDH_ECDSA_WITH_AES_128_CBC_SHA, TLS_ECDH_RSA_WITH_AES_128_CBC_SHA, TLS_RSA_WITH_AES_256_GCM_SHA384, TLS_RSA_WITH_AES_128_GCM_SHA256, TLS_RSA_WITH_AES_256_CBC_SHA256, TLS_RSA_WITH_AES_128_CBC_SHA256, TLS_RSA_WITH_AES_256_CBC_SHA, TLS_RSA_WITH_AES_128_CBC_SHA, TLS_EMPTY_RENEGOTIATION_INFO_SCSV]
12:02:31.257 [main] DEBUG org.apache.http.conn.ssl.SSLConnectionSocketFactory - Starting handshake
12:02:31.334 [main] DEBUG org.apache.http.conn.ssl.SSLConnectionSocketFactory - Secure session established
12:02:31.334 [main] DEBUG org.apache.http.conn.ssl.SSLConnectionSocketFactory -  negotiated protocol: TLSv1.3
12:02:31.334 [main] DEBUG org.apache.http.conn.ssl.SSLConnectionSocketFactory -  negotiated cipher suite: TLS_AES_256_GCM_SHA384
12:02:31.335 [main] DEBUG org.apache.http.conn.ssl.SSLConnectionSocketFactory -  peer principal: CN=*.storerestapi.com
12:02:31.335 [main] DEBUG org.apache.http.conn.ssl.SSLConnectionSocketFactory -  peer alternative names: [*.storerestapi.com, storerestapi.com]
12:02:31.335 [main] DEBUG org.apache.http.conn.ssl.SSLConnectionSocketFactory -  issuer principal: CN=E1, O=Let's Encrypt, C=US
12:02:31.335 [main] DEBUG org.apache.http.impl.conn.DefaultHttpClientConnectionOperator - Connection established 10.1.5.60:54437<->172.67.193.84:443
12:02:31.335 [main] DEBUG org.apache.http.impl.conn.DefaultManagedHttpClientConnection - http-outgoing-4: set socket timeout to 30000
12:02:31.335 [main] DEBUG org.apache.http.impl.execchain.MainClientExec - Executing request POST /auth/login HTTP/1.1
12:02:31.335 [main] DEBUG org.apache.http.impl.execchain.MainClientExec - Target auth state: UNCHALLENGED
12:02:31.335 [main] DEBUG org.apache.http.impl.execchain.MainClientExec - Proxy auth state: UNCHALLENGED
12:02:31.336 [main] DEBUG org.apache.http.headers - http-outgoing-4 >> POST /auth/login HTTP/1.1
12:02:31.336 [main] DEBUG org.apache.http.headers - http-outgoing-4 >> Content-Type: application/json; charset=UTF-8
12:02:31.336 [main] DEBUG org.apache.http.headers - http-outgoing-4 >> Content-Length: 56
12:02:31.336 [main] DEBUG org.apache.http.headers - http-outgoing-4 >> Host: api.storerestapi.com
12:02:31.336 [main] DEBUG org.apache.http.headers - http-outgoing-4 >> Connection: Keep-Alive
12:02:31.336 [main] DEBUG org.apache.http.headers - http-outgoing-4 >> User-Agent: Apache-HttpClient/4.5.13 (Java/17.0.1)
12:02:31.336 [main] DEBUG org.apache.http.headers - http-outgoing-4 >> Accept-Encoding: gzip,deflate
12:02:31.336 [main] DEBUG org.apache.http.wire - http-outgoing-4 >> "POST /auth/login HTTP/1.1[\r][\n]"
12:02:31.336 [main] DEBUG org.apache.http.wire - http-outgoing-4 >> "Content-Type: application/json; charset=UTF-8[\r][\n]"
12:02:31.336 [main] DEBUG org.apache.http.wire - http-outgoing-4 >> "Content-Length: 56[\r][\n]"
12:02:31.336 [main] DEBUG org.apache.http.wire - http-outgoing-4 >> "Host: api.storerestapi.com[\r][\n]"
12:02:31.336 [main] DEBUG org.apache.http.wire - http-outgoing-4 >> "Connection: Keep-Alive[\r][\n]"
12:02:31.336 [main] DEBUG org.apache.http.wire - http-outgoing-4 >> "User-Agent: Apache-HttpClient/4.5.13 (Java/17.0.1)[\r][\n]"
12:02:31.336 [main] DEBUG org.apache.http.wire - http-outgoing-4 >> "Accept-Encoding: gzip,deflate[\r][\n]"
12:02:31.336 [main] DEBUG org.apache.http.wire - http-outgoing-4 >> "[\r][\n]"
12:02:31.336 [main] DEBUG org.apache.http.wire - http-outgoing-4 >> "{"email":"robertgonzalez@gmail.com","password":"simple"}"
12:02:31.719 [main] DEBUG org.apache.http.wire - http-outgoing-4 << "HTTP/1.1 400 Bad Request[\r][\n]"
12:02:31.719 [main] DEBUG org.apache.http.wire - http-outgoing-4 << "Date: Sat, 17 Dec 2022 06:32:32 GMT[\r][\n]"
12:02:31.719 [main] DEBUG org.apache.http.wire - http-outgoing-4 << "Content-Type: application/json; charset=utf-8[\r][\n]"
12:02:31.719 [main] DEBUG org.apache.http.wire - http-outgoing-4 << "Content-Length: 49[\r][\n]"
12:02:31.719 [main] DEBUG org.apache.http.wire - http-outgoing-4 << "Connection: keep-alive[\r][\n]"
12:02:31.719 [main] DEBUG org.apache.http.wire - http-outgoing-4 << "X-Powered-By: Express[\r][\n]"
12:02:31.719 [main] DEBUG org.apache.http.wire - http-outgoing-4 << "Access-Control-Allow-Origin: *[\r][\n]"
12:02:31.719 [main] DEBUG org.apache.http.wire - http-outgoing-4 << "ETag: W/"31-I8zslZmyey4LrgrUrSiil3ZfY9w"[\r][\n]"
12:02:31.719 [main] DEBUG org.apache.http.wire - http-outgoing-4 << "CF-Cache-Status: DYNAMIC[\r][\n]"
12:02:31.720 [main] DEBUG org.apache.http.wire - http-outgoing-4 << "Report-To: {"endpoints":[{"url":"https:\/\/a.nel.cloudflare.com\/report\/v3?s=uVVZUvy3Rhfo6nNUomvM7e9eK0M2F6QQyGjmgofnX5LG35GtDqEszziwM8QrD9KYbgM1UkF9ON%2BNNuX%2BVaZ4ZE5FheILqvtlNg9y7YK8uFNyyfm51ME2jL1XzUwW8q%2Fg3z1FiPqEhA%3D%3D"}],"group":"cf-nel","max_age":604800}[\r][\n]"
12:02:31.720 [main] DEBUG org.apache.http.wire - http-outgoing-4 << "NEL: {"success_fraction":0,"report_to":"cf-nel","max_age":604800}[\r][\n]"
12:02:31.720 [main] DEBUG org.apache.http.wire - http-outgoing-4 << "Server: cloudflare[\r][\n]"
12:02:31.720 [main] DEBUG org.apache.http.wire - http-outgoing-4 << "CF-RAY: 77ad9f436e0da045-SIN[\r][\n]"
12:02:31.720 [main] DEBUG org.apache.http.wire - http-outgoing-4 << "alt-svc: h3=":443"; ma=86400, h3-29=":443"; ma=86400[\r][\n]"
12:02:31.720 [main] DEBUG org.apache.http.wire - http-outgoing-4 << "[\r][\n]"
12:02:31.720 [main] DEBUG org.apache.http.wire - http-outgoing-4 << "{"status":400,"message":"Your password is wrong"}"
12:02:31.720 [main] DEBUG org.apache.http.headers - http-outgoing-4 << HTTP/1.1 400 Bad Request
12:02:31.720 [main] DEBUG org.apache.http.headers - http-outgoing-4 << Date: Sat, 17 Dec 2022 06:32:32 GMT
12:02:31.720 [main] DEBUG org.apache.http.headers - http-outgoing-4 << Content-Type: application/json; charset=utf-8
12:02:31.720 [main] DEBUG org.apache.http.headers - http-outgoing-4 << Content-Length: 49
12:02:31.720 [main] DEBUG org.apache.http.headers - http-outgoing-4 << Connection: keep-alive
12:02:31.720 [main] DEBUG org.apache.http.headers - http-outgoing-4 << X-Powered-By: Express
12:02:31.720 [main] DEBUG org.apache.http.headers - http-outgoing-4 << Access-Control-Allow-Origin: *
12:02:31.720 [main] DEBUG org.apache.http.headers - http-outgoing-4 << ETag: W/"31-I8zslZmyey4LrgrUrSiil3ZfY9w"
12:02:31.720 [main] DEBUG org.apache.http.headers - http-outgoing-4 << CF-Cache-Status: DYNAMIC
12:02:31.720 [main] DEBUG org.apache.http.headers - http-outgoing-4 << Report-To: {"endpoints":[{"url":"https:\/\/a.nel.cloudflare.com\/report\/v3?s=uVVZUvy3Rhfo6nNUomvM7e9eK0M2F6QQyGjmgofnX5LG35GtDqEszziwM8QrD9KYbgM1UkF9ON%2BNNuX%2BVaZ4ZE5FheILqvtlNg9y7YK8uFNyyfm51ME2jL1XzUwW8q%2Fg3z1FiPqEhA%3D%3D"}],"group":"cf-nel","max_age":604800}
12:02:31.720 [main] DEBUG org.apache.http.headers - http-outgoing-4 << NEL: {"success_fraction":0,"report_to":"cf-nel","max_age":604800}
12:02:31.720 [main] DEBUG org.apache.http.headers - http-outgoing-4 << Server: cloudflare
12:02:31.720 [main] DEBUG org.apache.http.headers - http-outgoing-4 << CF-RAY: 77ad9f436e0da045-SIN
12:02:31.720 [main] DEBUG org.apache.http.headers - http-outgoing-4 << alt-svc: h3=":443"; ma=86400, h3-29=":443"; ma=86400
12:02:31.720 [main] DEBUG org.apache.http.impl.execchain.MainClientExec - Connection can be kept alive indefinitely
12:02:31.721 [main] DEBUG org.apache.http.impl.conn.PoolingHttpClientConnectionManager - Connection [id: 4][route: {s}->https://api.storerestapi.com:443] can be kept alive indefinitely
12:02:31.721 [main] DEBUG org.apache.http.impl.conn.DefaultManagedHttpClientConnection - http-outgoing-4: set socket timeout to 0
12:02:31.721 [main] DEBUG org.apache.http.impl.conn.PoolingHttpClientConnectionManager - Connection released: [id: 4][route: {s}->https://api.storerestapi.com:443][total available: 1; route allocated: 1 of 5; total allocated: 1 of 10]
12:02:31.721 [main] DEBUG com.intuit.karate - response time in milliseconds: 532
4 < 400
4 < Date: Sat, 17 Dec 2022 06:32:32 GMT
4 < Content-Type: application/json; charset=utf-8
4 < Content-Length: 49
4 < Connection: keep-alive
4 < X-Powered-By: Express
4 < Access-Control-Allow-Origin: *
4 < ETag: W/"31-I8zslZmyey4LrgrUrSiil3ZfY9w"
4 < CF-Cache-Status: DYNAMIC
4 < Report-To: {"endpoints":[{"url":"https:\/\/a.nel.cloudflare.com\/report\/v3?s=uVVZUvy3Rhfo6nNUomvM7e9eK0M2F6QQyGjmgofnX5LG35GtDqEszziwM8QrD9KYbgM1UkF9ON%2BNNuX%2BVaZ4ZE5FheILqvtlNg9y7YK8uFNyyfm51ME2jL1XzUwW8q%2Fg3z1FiPqEhA%3D%3D"}],"group":"cf-nel","max_age":604800}
4 < NEL: {"success_fraction":0,"report_to":"cf-nel","max_age":604800}
4 < Server: cloudflare
4 < CF-RAY: 77ad9f436e0da045-SIN
4 < alt-svc: h3=":443"; ma=86400, h3-29=":443"; ma=86400
{"status":400,"message":"Your password is wrong"}

12:02:31.723 [main] DEBUG com.jayway.jsonpath.internal.path.CompiledPath - Evaluating path: $['message']
12:02:31.751 [main] ERROR com.intuit.karate - classpath:com/storeapiapp/features/User.feature:6
* def getAccessTokenFromLogin = loginFeatureFile.response.data.access_token
js failed:
>>>>
01: loginFeatureFile.response.data.access_token
<<<<
org.graalvm.polyglot.PolyglotException: TypeError: Cannot read property "access_token" from undefined
- <js>.:program(Unnamed:1)

classpath:com/storeapiapp/features/User.feature:6
]]></system-out>
  </testcase>
  <testcase name="testAll[2][2]" classname="com.storeapiapp.StoreApiAppTest" time="2.89">
    <failure message="js failed:&#10;&gt;&gt;&gt;&gt;&#10;01: loginFeatureFile.response.data.access_token&#10;&lt;&lt;&lt;&lt;&#10;org.graalvm.polyglot.PolyglotException: TypeError: Cannot read property &quot;access_token&quot; from undefined&#10;- &lt;js&gt;.:program(Unnamed:1)&#10;&#10;classpath:com/storeapiapp/features/User.feature:6" type="org.opentest4j.AssertionFailedError"><![CDATA[org.opentest4j.AssertionFailedError: 
js failed:
>>>>
01: loginFeatureFile.response.data.access_token
<<<<
org.graalvm.polyglot.PolyglotException: TypeError: Cannot read property "access_token" from undefined
- <js>.:program(Unnamed:1)

classpath:com/storeapiapp/features/User.feature:6
]]></failure>
    <system-out><![CDATA[12:02:31.792 [main] DEBUG com.jayway.jsonpath.internal.path.CompiledPath - Evaluating path: $
12:02:31.793 [main] INFO com.intuit.karate - [print] {
  "email": "robertgonzalez@gmail.com",
  "password": "simple_password"
}
 
12:02:31.797 [main] DEBUG org.apache.http.client.protocol.RequestAddCookies - CookieSpec selected: karate
12:02:31.797 [main] DEBUG org.apache.http.client.protocol.RequestAuthCache - Auth cache not set in the context
12:02:31.797 [main] DEBUG com.intuit.karate - request:
1 > POST https://api.storerestapi.com/auth/login
1 > Content-Type: application/json; charset=UTF-8
1 > Content-Length: 65
1 > Host: api.storerestapi.com
1 > Connection: Keep-Alive
1 > User-Agent: Apache-HttpClient/4.5.13 (Java/17.0.1)
1 > Accept-Encoding: gzip,deflate
{"email":"robertgonzalez@gmail.com","password":"simple_password"}

12:02:31.797 [main] DEBUG org.apache.http.impl.conn.PoolingHttpClientConnectionManager - Connection request: [route: {s}->https://api.storerestapi.com:443][total available: 0; route allocated: 0 of 5; total allocated: 0 of 10]
12:02:31.797 [main] DEBUG org.apache.http.impl.conn.PoolingHttpClientConnectionManager - Connection leased: [id: 5][route: {s}->https://api.storerestapi.com:443][total available: 0; route allocated: 1 of 5; total allocated: 1 of 10]
12:02:31.797 [main] DEBUG org.apache.http.impl.execchain.MainClientExec - Opening connection {s}->https://api.storerestapi.com:443
12:02:31.798 [main] DEBUG org.apache.http.impl.conn.DefaultHttpClientConnectionOperator - Connecting to api.storerestapi.com/172.67.193.84:443
12:02:31.798 [main] DEBUG org.apache.http.conn.ssl.SSLConnectionSocketFactory - Connecting socket to api.storerestapi.com/172.67.193.84:443 with timeout 30000
12:02:31.863 [main] DEBUG org.apache.http.conn.ssl.SSLConnectionSocketFactory - Enabled protocols: [TLSv1.3, TLSv1.2]
12:02:31.863 [main] DEBUG org.apache.http.conn.ssl.SSLConnectionSocketFactory - Enabled cipher suites:[TLS_AES_256_GCM_SHA384, TLS_AES_128_GCM_SHA256, TLS_CHACHA20_POLY1305_SHA256, TLS_ECDHE_ECDSA_WITH_AES_256_GCM_SHA384, TLS_ECDHE_ECDSA_WITH_AES_128_GCM_SHA256, TLS_ECDHE_ECDSA_WITH_CHACHA20_POLY1305_SHA256, TLS_ECDHE_RSA_WITH_AES_256_GCM_SHA384, TLS_ECDHE_RSA_WITH_CHACHA20_POLY1305_SHA256, TLS_ECDHE_RSA_WITH_AES_128_GCM_SHA256, TLS_DHE_RSA_WITH_AES_256_GCM_SHA384, TLS_DHE_RSA_WITH_CHACHA20_POLY1305_SHA256, TLS_DHE_DSS_WITH_AES_256_GCM_SHA384, TLS_DHE_RSA_WITH_AES_128_GCM_SHA256, TLS_DHE_DSS_WITH_AES_128_GCM_SHA256, TLS_ECDHE_ECDSA_WITH_AES_256_CBC_SHA384, TLS_ECDHE_RSA_WITH_AES_256_CBC_SHA384, TLS_ECDHE_ECDSA_WITH_AES_128_CBC_SHA256, TLS_ECDHE_RSA_WITH_AES_128_CBC_SHA256, TLS_DHE_RSA_WITH_AES_256_CBC_SHA256, TLS_DHE_DSS_WITH_AES_256_CBC_SHA256, TLS_DHE_RSA_WITH_AES_128_CBC_SHA256, TLS_DHE_DSS_WITH_AES_128_CBC_SHA256, TLS_ECDH_ECDSA_WITH_AES_256_GCM_SHA384, TLS_ECDH_RSA_WITH_AES_256_GCM_SHA384, TLS_ECDH_ECDSA_WITH_AES_128_GCM_SHA256, TLS_ECDH_RSA_WITH_AES_128_GCM_SHA256, TLS_ECDH_ECDSA_WITH_AES_256_CBC_SHA384, TLS_ECDH_RSA_WITH_AES_256_CBC_SHA384, TLS_ECDH_ECDSA_WITH_AES_128_CBC_SHA256, TLS_ECDH_RSA_WITH_AES_128_CBC_SHA256, TLS_ECDHE_ECDSA_WITH_AES_256_CBC_SHA, TLS_ECDHE_RSA_WITH_AES_256_CBC_SHA, TLS_ECDHE_ECDSA_WITH_AES_128_CBC_SHA, TLS_ECDHE_RSA_WITH_AES_128_CBC_SHA, TLS_DHE_RSA_WITH_AES_256_CBC_SHA, TLS_DHE_DSS_WITH_AES_256_CBC_SHA, TLS_DHE_RSA_WITH_AES_128_CBC_SHA, TLS_DHE_DSS_WITH_AES_128_CBC_SHA, TLS_ECDH_ECDSA_WITH_AES_256_CBC_SHA, TLS_ECDH_RSA_WITH_AES_256_CBC_SHA, TLS_ECDH_ECDSA_WITH_AES_128_CBC_SHA, TLS_ECDH_RSA_WITH_AES_128_CBC_SHA, TLS_RSA_WITH_AES_256_GCM_SHA384, TLS_RSA_WITH_AES_128_GCM_SHA256, TLS_RSA_WITH_AES_256_CBC_SHA256, TLS_RSA_WITH_AES_128_CBC_SHA256, TLS_RSA_WITH_AES_256_CBC_SHA, TLS_RSA_WITH_AES_128_CBC_SHA, TLS_EMPTY_RENEGOTIATION_INFO_SCSV]
12:02:31.863 [main] DEBUG org.apache.http.conn.ssl.SSLConnectionSocketFactory - Starting handshake
12:02:31.939 [main] DEBUG org.apache.http.conn.ssl.SSLConnectionSocketFactory - Secure session established
12:02:31.939 [main] DEBUG org.apache.http.conn.ssl.SSLConnectionSocketFactory -  negotiated protocol: TLSv1.3
12:02:31.939 [main] DEBUG org.apache.http.conn.ssl.SSLConnectionSocketFactory -  negotiated cipher suite: TLS_AES_256_GCM_SHA384
12:02:31.940 [main] DEBUG org.apache.http.conn.ssl.SSLConnectionSocketFactory -  peer principal: CN=*.storerestapi.com
12:02:31.940 [main] DEBUG org.apache.http.conn.ssl.SSLConnectionSocketFactory -  peer alternative names: [*.storerestapi.com, storerestapi.com]
12:02:31.940 [main] DEBUG org.apache.http.conn.ssl.SSLConnectionSocketFactory -  issuer principal: CN=E1, O=Let's Encrypt, C=US
12:02:31.940 [main] DEBUG org.apache.http.impl.conn.DefaultHttpClientConnectionOperator - Connection established 10.1.5.60:54438<->172.67.193.84:443
12:02:31.940 [main] DEBUG org.apache.http.impl.conn.DefaultManagedHttpClientConnection - http-outgoing-5: set socket timeout to 30000
12:02:31.940 [main] DEBUG org.apache.http.impl.execchain.MainClientExec - Executing request POST /auth/login HTTP/1.1
12:02:31.940 [main] DEBUG org.apache.http.impl.execchain.MainClientExec - Target auth state: UNCHALLENGED
12:02:31.940 [main] DEBUG org.apache.http.impl.execchain.MainClientExec - Proxy auth state: UNCHALLENGED
12:02:31.940 [main] DEBUG org.apache.http.headers - http-outgoing-5 >> POST /auth/login HTTP/1.1
12:02:31.940 [main] DEBUG org.apache.http.headers - http-outgoing-5 >> Content-Type: application/json; charset=UTF-8
12:02:31.940 [main] DEBUG org.apache.http.headers - http-outgoing-5 >> Content-Length: 65
12:02:31.940 [main] DEBUG org.apache.http.headers - http-outgoing-5 >> Host: api.storerestapi.com
12:02:31.940 [main] DEBUG org.apache.http.headers - http-outgoing-5 >> Connection: Keep-Alive
12:02:31.940 [main] DEBUG org.apache.http.headers - http-outgoing-5 >> User-Agent: Apache-HttpClient/4.5.13 (Java/17.0.1)
12:02:31.940 [main] DEBUG org.apache.http.headers - http-outgoing-5 >> Accept-Encoding: gzip,deflate
12:02:31.940 [main] DEBUG org.apache.http.wire - http-outgoing-5 >> "POST /auth/login HTTP/1.1[\r][\n]"
12:02:31.940 [main] DEBUG org.apache.http.wire - http-outgoing-5 >> "Content-Type: application/json; charset=UTF-8[\r][\n]"
12:02:31.940 [main] DEBUG org.apache.http.wire - http-outgoing-5 >> "Content-Length: 65[\r][\n]"
12:02:31.940 [main] DEBUG org.apache.http.wire - http-outgoing-5 >> "Host: api.storerestapi.com[\r][\n]"
12:02:31.940 [main] DEBUG org.apache.http.wire - http-outgoing-5 >> "Connection: Keep-Alive[\r][\n]"
12:02:31.940 [main] DEBUG org.apache.http.wire - http-outgoing-5 >> "User-Agent: Apache-HttpClient/4.5.13 (Java/17.0.1)[\r][\n]"
12:02:31.941 [main] DEBUG org.apache.http.wire - http-outgoing-5 >> "Accept-Encoding: gzip,deflate[\r][\n]"
12:02:31.941 [main] DEBUG org.apache.http.wire - http-outgoing-5 >> "[\r][\n]"
12:02:31.941 [main] DEBUG org.apache.http.wire - http-outgoing-5 >> "{"email":"robertgonzalez@gmail.com","password":"simple_password"}"
12:02:32.194 [main] DEBUG org.apache.http.wire - http-outgoing-5 << "HTTP/1.1 200 OK[\r][\n]"
12:02:32.194 [main] DEBUG org.apache.http.wire - http-outgoing-5 << "Date: Sat, 17 Dec 2022 06:32:33 GMT[\r][\n]"
12:02:32.194 [main] DEBUG org.apache.http.wire - http-outgoing-5 << "Content-Type: application/json; charset=utf-8[\r][\n]"
12:02:32.194 [main] DEBUG org.apache.http.wire - http-outgoing-5 << "Transfer-Encoding: chunked[\r][\n]"
12:02:32.194 [main] DEBUG org.apache.http.wire - http-outgoing-5 << "Connection: keep-alive[\r][\n]"
12:02:32.194 [main] DEBUG org.apache.http.wire - http-outgoing-5 << "X-Powered-By: Express[\r][\n]"
12:02:32.194 [main] DEBUG org.apache.http.wire - http-outgoing-5 << "Access-Control-Allow-Origin: *[\r][\n]"
12:02:32.194 [main] DEBUG org.apache.http.wire - http-outgoing-5 << "ETag: W/"2a6-LmaDkYTo5HHkZK7y/MuZmFnav9k"[\r][\n]"
12:02:32.194 [main] DEBUG org.apache.http.wire - http-outgoing-5 << "CF-Cache-Status: DYNAMIC[\r][\n]"
12:02:32.194 [main] DEBUG org.apache.http.wire - http-outgoing-5 << "Report-To: {"endpoints":[{"url":"https:\/\/a.nel.cloudflare.com\/report\/v3?s=fcZVvmKy1KGk8GmYz1TTIEK8rpgj3KoeGrD3%2FNYNYnnexFxSs4ASD3lheFXBADrHX0Vh6QF7IsmSOD8J4w%2FTD4whPgi4w0Nin3YVtFFZEecUhjK5QjuMJ12jYMh%2FeyR0uIiny6Y2rQ%3D%3D"}],"group":"cf-nel","max_age":604800}[\r][\n]"
12:02:32.194 [main] DEBUG org.apache.http.wire - http-outgoing-5 << "NEL: {"success_fraction":0,"report_to":"cf-nel","max_age":604800}[\r][\n]"
12:02:32.194 [main] DEBUG org.apache.http.wire - http-outgoing-5 << "Server: cloudflare[\r][\n]"
12:02:32.195 [main] DEBUG org.apache.http.wire - http-outgoing-5 << "CF-RAY: 77ad9f473f689e28-SIN[\r][\n]"
12:02:32.195 [main] DEBUG org.apache.http.wire - http-outgoing-5 << "Content-Encoding: gzip[\r][\n]"
12:02:32.195 [main] DEBUG org.apache.http.wire - http-outgoing-5 << "alt-svc: h3=":443"; ma=86400, h3-29=":443"; ma=86400[\r][\n]"
12:02:32.195 [main] DEBUG org.apache.http.wire - http-outgoing-5 << "[\r][\n]"
12:02:32.195 [main] DEBUG org.apache.http.wire - http-outgoing-5 << "17c[\r][\n]"
12:02:32.195 [main] DEBUG org.apache.http.wire - http-outgoing-5 << "[0x1f][0x8b][0x8][0x0][0x0][0x0][0x0][0x0][0x0][0x3][0xe4][0x92][0xcd]n[0xa3]0[0x0][0x84]_[0xa5][0xf2]9[[0x81]+[0xd2]:[0xb7][0x88]lS[0xd3][0x1a][\n]"
12:02:32.195 [main] DEBUG org.apache.http.wire - http-outgoing-5 << "[0x89][0x9][0xf8][0xb2]2[0x8e][0x3][0xe6][0xd7][0xa9][0xa1][0x1][0xa2][0xbe]{[0x95][0x1e][0xfa][0x12]{[0xfe]4[0xa3][0xd1][0xa7][0xb9][0x82]#[0xef]9X][0x1][0x17]B[0x1a][0xf3][0xaf][0xef]*[0xd9][0x82][0x15][0x90][0x93]Wd[[0xa1][0x2][0xe5]a:c[0xdb]W[0xd8][0xe0]6r[0x84][0x8b][0x97][0xb8][0xd2]I[0xec]z[0xe8]^N^[0x95]&Q[0x81]K[0xfd][0x88]k[0xa4][0xd9][\r][0x96][0xe9]H[0x1a]j[0x5][0x1b]:[0x92]9[0xb4][0xd9][0xd6]/[0xc9]L[0xe6][0xf4]@`[\n]"
12:02:32.196 [main] DEBUG org.apache.http.wire - http-outgoing-5 << "[0xf1][0xe4][0xbb][0xd8][0xe0][0xc6])[0xb2][0x3][0xbd][0x95][0xef]2[0xe8][0xd5][0xa2][\r][0xf3][0x8][0xa2]A6[0xcf][0x86]%[0x9d]zs[0xbd])[0x83]c[0x8d][0xcb]N[0xd1][\n]"
12:02:32.196 [main] DEBUG org.apache.http.wire - http-outgoing-5 << "[0x91](F[0x9b]8[0xf6][0xe9][0xde][0xb2][0x9f][0xe9]mH[0x13][0xf7][0xe9][0xa1]67.[0x1a][0xa4]X[0xe2]Y[0xec]7[0xaf][0xd7][0xc][0xda][0x5]?\[0x86][0x14][0xa2][0x1e][0xb7][0x96][0xc1]M][0x1c]][0xbc]$[0xfb][0xf4][0x81][0xec][0xb1][0x1d]l[0x84]M[0xa6][0x8b]bIq[0xc1]e7[0xfa][0xa5][0x18]II[0x1d][0xbf][0xa4][0xf3])[0xbc]_[0xbf][0x6][0xda][0xce]w[0xe8][0xc1][0xa1][0xa1][0xa3][0x87]S[0x0]OO"z[0xf9]c$[0xd2]n<[0x1d][0xf9][0xe7]6[0xcc]]]]><![CDATA[>[0xbc][0xd2][0x10],[0xc0][0x87]<}HS[0xfc][0xc7][0xe6][0xe6][0xd0]&[0xfb][0x1f]s[0xad]~[0x8a][0xb0][0xee]x[0x95][0xd7]*[0x8b]!|YW[0xcc][0x9d][0xce]K=[0x86][0x92]m[0xd6][0xd9]9{;[0xbe]f[0xf2][0xef][0x5]|-@#[0x8d][0xe1][0xb9][0x4]+[0xb0]Sy{[0xa7][0xda];3[0xfc][0xdc][0x10],[0x80][0xe9]y?[0x18][0xb0][0x82][0x96][0xf5][0xf5][\r][0x0][0x0][0xff][0xff][0x3][0x0]S[0xd0][0xf8]<[0xa6][0x2][0x0][0x0][\r][\n]"
12:02:32.197 [main] DEBUG org.apache.http.headers - http-outgoing-5 << HTTP/1.1 200 OK
12:02:32.197 [main] DEBUG org.apache.http.headers - http-outgoing-5 << Date: Sat, 17 Dec 2022 06:32:33 GMT
12:02:32.197 [main] DEBUG org.apache.http.headers - http-outgoing-5 << Content-Type: application/json; charset=utf-8
12:02:32.197 [main] DEBUG org.apache.http.headers - http-outgoing-5 << Transfer-Encoding: chunked
12:02:32.197 [main] DEBUG org.apache.http.headers - http-outgoing-5 << Connection: keep-alive
12:02:32.198 [main] DEBUG org.apache.http.headers - http-outgoing-5 << X-Powered-By: Express
12:02:32.198 [main] DEBUG org.apache.http.headers - http-outgoing-5 << Access-Control-Allow-Origin: *
12:02:32.198 [main] DEBUG org.apache.http.headers - http-outgoing-5 << ETag: W/"2a6-LmaDkYTo5HHkZK7y/MuZmFnav9k"
12:02:32.198 [main] DEBUG org.apache.http.headers - http-outgoing-5 << CF-Cache-Status: DYNAMIC
12:02:32.198 [main] DEBUG org.apache.http.headers - http-outgoing-5 << Report-To: {"endpoints":[{"url":"https:\/\/a.nel.cloudflare.com\/report\/v3?s=fcZVvmKy1KGk8GmYz1TTIEK8rpgj3KoeGrD3%2FNYNYnnexFxSs4ASD3lheFXBADrHX0Vh6QF7IsmSOD8J4w%2FTD4whPgi4w0Nin3YVtFFZEecUhjK5QjuMJ12jYMh%2FeyR0uIiny6Y2rQ%3D%3D"}],"group":"cf-nel","max_age":604800}
12:02:32.198 [main] DEBUG org.apache.http.headers - http-outgoing-5 << NEL: {"success_fraction":0,"report_to":"cf-nel","max_age":604800}
12:02:32.198 [main] DEBUG org.apache.http.headers - http-outgoing-5 << Server: cloudflare
12:02:32.198 [main] DEBUG org.apache.http.headers - http-outgoing-5 << CF-RAY: 77ad9f473f689e28-SIN
12:02:32.198 [main] DEBUG org.apache.http.headers - http-outgoing-5 << Content-Encoding: gzip
12:02:32.198 [main] DEBUG org.apache.http.headers - http-outgoing-5 << alt-svc: h3=":443"; ma=86400, h3-29=":443"; ma=86400
12:02:32.199 [main] DEBUG org.apache.http.impl.execchain.MainClientExec - Connection can be kept alive indefinitely
12:02:32.200 [main] DEBUG com.intuit.karate - response time in milliseconds: 403
1 < 200
1 < Date: Sat, 17 Dec 2022 06:32:33 GMT
1 < Content-Type: application/json; charset=utf-8
1 < Transfer-Encoding: chunked
1 < Connection: keep-alive
1 < X-Powered-By: Express
1 < Access-Control-Allow-Origin: *
1 < ETag: W/"2a6-LmaDkYTo5HHkZK7y/MuZmFnav9k"
1 < CF-Cache-Status: DYNAMIC
1 < Report-To: {"endpoints":[{"url":"https:\/\/a.nel.cloudflare.com\/report\/v3?s=fcZVvmKy1KGk8GmYz1TTIEK8rpgj3KoeGrD3%2FNYNYnnexFxSs4ASD3lheFXBADrHX0Vh6QF7IsmSOD8J4w%2FTD4whPgi4w0Nin3YVtFFZEecUhjK5QjuMJ12jYMh%2FeyR0uIiny6Y2rQ%3D%3D"}],"group":"cf-nel","max_age":604800}
1 < NEL: {"success_fraction":0,"report_to":"cf-nel","max_age":604800}
1 < Server: cloudflare
1 < CF-RAY: 77ad9f473f689e28-SIN
1 < alt-svc: h3=":443"; ma=86400, h3-29=":443"; ma=86400
{"data":{"access_token":"eyJhbGciOiJIUzI1NiIsInR5cCI6IkpXVCJ9.eyJkYXRhIjp7Il9pZCI6IjYxMmU0ODUxMzQ1ZGNjMzMzYWM2Y2IyNCIsIm5hbWUiOiJSb2JlcnQgR29uemFsZXoiLCJyb2xlIjoiUk9MRV9DVVNUT01FUiIsImVtYWlsIjoicm9iZXJ0Z29uemFsZXpAZ21haWwuY29tIn0sImlhdCI6MTY3MTI1ODc1MywiZXhwIjoxNjcxMjU5NjUzfQ.AKOp1gS935UQ5pufO2f8cRH-se9pCVydavGQgCauKUQ","refresh_token":"eyJhbGciOiJIUzI1NiIsInR5cCI6IkpXVCJ9.eyJkYXRhIjp7Il9pZCI6IjYxMmU0ODUxMzQ1ZGNjMzMzYWM2Y2IyNCIsIm5hbWUiOiJSb2JlcnQgR29uemFsZXoiLCJyb2xlIjoiUk9MRV9DVVNUT01FUiIsImVtYWlsIjoicm9iZXJ0Z29uemFsZXpAZ21haWwuY29tIn0sImlhdCI6MTY3MTI1ODc1MywiZXhwIjoxNjcxMzQ1MTUzfQ.np8RINqoakglibV22HAkZCyq6pxQeZDAbqbLdPvbeEw"},"message":"Sign in success","status":200}

12:02:32.205 [main] DEBUG com.jayway.jsonpath.internal.path.CompiledPath - Evaluating path: $['message']
12:02:32.210 [main] INFO com.intuit.karate - [print] setAccessTokenForLogin is:  eyJhbGciOiJIUzI1NiIsInR5cCI6IkpXVCJ9.eyJkYXRhIjp7Il9pZCI6IjYxMmU0ODUxMzQ1ZGNjMzMzYWM2Y2IyNCIsIm5hbWUiOiJSb2JlcnQgR29uemFsZXoiLCJyb2xlIjoiUk9MRV9DVVNUT01FUiIsImVtYWlsIjoicm9iZXJ0Z29uemFsZXpAZ21haWwuY29tIn0sImlhdCI6MTY3MTI1ODc1MywiZXhwIjoxNjcxMjU5NjUzfQ.AKOp1gS935UQ5pufO2f8cRH-se9pCVydavGQgCauKUQ 
12:02:32.213 [main] INFO com.intuit.karate - [print] setRefreshTokenForLogin is:  eyJhbGciOiJIUzI1NiIsInR5cCI6IkpXVCJ9.eyJkYXRhIjp7Il9pZCI6IjYxMmU0ODUxMzQ1ZGNjMzMzYWM2Y2IyNCIsIm5hbWUiOiJSb2JlcnQgR29uemFsZXoiLCJyb2xlIjoiUk9MRV9DVVNUT01FUiIsImVtYWlsIjoicm9iZXJ0Z29uemFsZXpAZ21haWwuY29tIn0sImlhdCI6MTY3MTI1ODc1MywiZXhwIjoxNjcxMzQ1MTUzfQ.np8RINqoakglibV22HAkZCyq6pxQeZDAbqbLdPvbeEw 
12:02:32.240 [main] DEBUG com.jayway.jsonpath.internal.path.CompiledPath - Evaluating path: $
12:02:32.243 [main] INFO com.intuit.karate - [print] {
  "email": "robertgonzalez@gmail.com",
  "password": "simple_password"
}
 
12:02:32.244 [main] DEBUG com.jayway.jsonpath.internal.path.CompiledPath - Evaluating path: $
12:02:32.248 [main] DEBUG org.apache.http.client.protocol.RequestAddCookies - CookieSpec selected: karate
12:02:32.248 [main] DEBUG org.apache.http.client.protocol.RequestAuthCache - Auth cache not set in the context
12:02:32.248 [main] DEBUG com.intuit.karate - request:
2 > POST https://api.storerestapi.com/auth/login
2 > Content-Type: application/json; charset=UTF-8
2 > Content-Length: 50
2 > Host: api.storerestapi.com
2 > Connection: Keep-Alive
2 > User-Agent: Apache-HttpClient/4.5.13 (Java/17.0.1)
2 > Accept-Encoding: gzip,deflate
{"email":"robertgonzalez@gmail.com","password":""}

12:02:32.249 [main] DEBUG org.apache.http.impl.conn.PoolingHttpClientConnectionManager - Connection request: [route: {s}->https://api.storerestapi.com:443][total available: 0; route allocated: 0 of 5; total allocated: 0 of 10]
12:02:32.250 [main] DEBUG org.apache.http.impl.conn.PoolingHttpClientConnectionManager - Connection leased: [id: 6][route: {s}->https://api.storerestapi.com:443][total available: 0; route allocated: 1 of 5; total allocated: 1 of 10]
12:02:32.250 [main] DEBUG org.apache.http.impl.execchain.MainClientExec - Opening connection {s}->https://api.storerestapi.com:443
12:02:32.250 [main] DEBUG org.apache.http.impl.conn.DefaultHttpClientConnectionOperator - Connecting to api.storerestapi.com/172.67.193.84:443
12:02:32.250 [main] DEBUG org.apache.http.conn.ssl.SSLConnectionSocketFactory - Connecting socket to api.storerestapi.com/172.67.193.84:443 with timeout 30000
12:02:32.316 [main] DEBUG org.apache.http.conn.ssl.SSLConnectionSocketFactory - Enabled protocols: [TLSv1.3, TLSv1.2]
12:02:32.317 [main] DEBUG org.apache.http.conn.ssl.SSLConnectionSocketFactory - Enabled cipher suites:[TLS_AES_256_GCM_SHA384, TLS_AES_128_GCM_SHA256, TLS_CHACHA20_POLY1305_SHA256, TLS_ECDHE_ECDSA_WITH_AES_256_GCM_SHA384, TLS_ECDHE_ECDSA_WITH_AES_128_GCM_SHA256, TLS_ECDHE_ECDSA_WITH_CHACHA20_POLY1305_SHA256, TLS_ECDHE_RSA_WITH_AES_256_GCM_SHA384, TLS_ECDHE_RSA_WITH_CHACHA20_POLY1305_SHA256, TLS_ECDHE_RSA_WITH_AES_128_GCM_SHA256, TLS_DHE_RSA_WITH_AES_256_GCM_SHA384, TLS_DHE_RSA_WITH_CHACHA20_POLY1305_SHA256, TLS_DHE_DSS_WITH_AES_256_GCM_SHA384, TLS_DHE_RSA_WITH_AES_128_GCM_SHA256, TLS_DHE_DSS_WITH_AES_128_GCM_SHA256, TLS_ECDHE_ECDSA_WITH_AES_256_CBC_SHA384, TLS_ECDHE_RSA_WITH_AES_256_CBC_SHA384, TLS_ECDHE_ECDSA_WITH_AES_128_CBC_SHA256, TLS_ECDHE_RSA_WITH_AES_128_CBC_SHA256, TLS_DHE_RSA_WITH_AES_256_CBC_SHA256, TLS_DHE_DSS_WITH_AES_256_CBC_SHA256, TLS_DHE_RSA_WITH_AES_128_CBC_SHA256, TLS_DHE_DSS_WITH_AES_128_CBC_SHA256, TLS_ECDH_ECDSA_WITH_AES_256_GCM_SHA384, TLS_ECDH_RSA_WITH_AES_256_GCM_SHA384, TLS_ECDH_ECDSA_WITH_AES_128_GCM_SHA256, TLS_ECDH_RSA_WITH_AES_128_GCM_SHA256, TLS_ECDH_ECDSA_WITH_AES_256_CBC_SHA384, TLS_ECDH_RSA_WITH_AES_256_CBC_SHA384, TLS_ECDH_ECDSA_WITH_AES_128_CBC_SHA256, TLS_ECDH_RSA_WITH_AES_128_CBC_SHA256, TLS_ECDHE_ECDSA_WITH_AES_256_CBC_SHA, TLS_ECDHE_RSA_WITH_AES_256_CBC_SHA, TLS_ECDHE_ECDSA_WITH_AES_128_CBC_SHA, TLS_ECDHE_RSA_WITH_AES_128_CBC_SHA, TLS_DHE_RSA_WITH_AES_256_CBC_SHA, TLS_DHE_DSS_WITH_AES_256_CBC_SHA, TLS_DHE_RSA_WITH_AES_128_CBC_SHA, TLS_DHE_DSS_WITH_AES_128_CBC_SHA, TLS_ECDH_ECDSA_WITH_AES_256_CBC_SHA, TLS_ECDH_RSA_WITH_AES_256_CBC_SHA, TLS_ECDH_ECDSA_WITH_AES_128_CBC_SHA, TLS_ECDH_RSA_WITH_AES_128_CBC_SHA, TLS_RSA_WITH_AES_256_GCM_SHA384, TLS_RSA_WITH_AES_128_GCM_SHA256, TLS_RSA_WITH_AES_256_CBC_SHA256, TLS_RSA_WITH_AES_128_CBC_SHA256, TLS_RSA_WITH_AES_256_CBC_SHA, TLS_RSA_WITH_AES_128_CBC_SHA, TLS_EMPTY_RENEGOTIATION_INFO_SCSV]
12:02:32.317 [main] DEBUG org.apache.http.conn.ssl.SSLConnectionSocketFactory - Starting handshake
12:02:32.398 [main] DEBUG org.apache.http.conn.ssl.SSLConnectionSocketFactory - Secure session established
12:02:32.398 [main] DEBUG org.apache.http.conn.ssl.SSLConnectionSocketFactory -  negotiated protocol: TLSv1.3
12:02:32.398 [main] DEBUG org.apache.http.conn.ssl.SSLConnectionSocketFactory -  negotiated cipher suite: TLS_AES_256_GCM_SHA384
12:02:32.398 [main] DEBUG org.apache.http.conn.ssl.SSLConnectionSocketFactory -  peer principal: CN=*.storerestapi.com
12:02:32.398 [main] DEBUG org.apache.http.conn.ssl.SSLConnectionSocketFactory -  peer alternative names: [*.storerestapi.com, storerestapi.com]
12:02:32.398 [main] DEBUG org.apache.http.conn.ssl.SSLConnectionSocketFactory -  issuer principal: CN=E1, O=Let's Encrypt, C=US
12:02:32.398 [main] DEBUG org.apache.http.impl.conn.DefaultHttpClientConnectionOperator - Connection established 10.1.5.60:54439<->172.67.193.84:443
12:02:32.398 [main] DEBUG org.apache.http.impl.conn.DefaultManagedHttpClientConnection - http-outgoing-6: set socket timeout to 30000
12:02:32.398 [main] DEBUG org.apache.http.impl.execchain.MainClientExec - Executing request POST /auth/login HTTP/1.1
12:02:32.398 [main] DEBUG org.apache.http.impl.execchain.MainClientExec - Target auth state: UNCHALLENGED
12:02:32.398 [main] DEBUG org.apache.http.impl.execchain.MainClientExec - Proxy auth state: UNCHALLENGED
12:02:32.398 [main] DEBUG org.apache.http.headers - http-outgoing-6 >> POST /auth/login HTTP/1.1
12:02:32.398 [main] DEBUG org.apache.http.headers - http-outgoing-6 >> Content-Type: application/json; charset=UTF-8
12:02:32.398 [main] DEBUG org.apache.http.headers - http-outgoing-6 >> Content-Length: 50
12:02:32.398 [main] DEBUG org.apache.http.headers - http-outgoing-6 >> Host: api.storerestapi.com
12:02:32.398 [main] DEBUG org.apache.http.headers - http-outgoing-6 >> Connection: Keep-Alive
12:02:32.398 [main] DEBUG org.apache.http.headers - http-outgoing-6 >> User-Agent: Apache-HttpClient/4.5.13 (Java/17.0.1)
12:02:32.399 [main] DEBUG org.apache.http.headers - http-outgoing-6 >> Accept-Encoding: gzip,deflate
12:02:32.399 [main] DEBUG org.apache.http.wire - http-outgoing-6 >> "POST /auth/login HTTP/1.1[\r][\n]"
12:02:32.399 [main] DEBUG org.apache.http.wire - http-outgoing-6 >> "Content-Type: application/json; charset=UTF-8[\r][\n]"
12:02:32.399 [main] DEBUG org.apache.http.wire - http-outgoing-6 >> "Content-Length: 50[\r][\n]"
12:02:32.399 [main] DEBUG org.apache.http.wire - http-outgoing-6 >> "Host: api.storerestapi.com[\r][\n]"
12:02:32.399 [main] DEBUG org.apache.http.wire - http-outgoing-6 >> "Connection: Keep-Alive[\r][\n]"
12:02:32.399 [main] DEBUG org.apache.http.wire - http-outgoing-6 >> "User-Agent: Apache-HttpClient/4.5.13 (Java/17.0.1)[\r][\n]"
12:02:32.399 [main] DEBUG org.apache.http.wire - http-outgoing-6 >> "Accept-Encoding: gzip,deflate[\r][\n]"
12:02:32.399 [main] DEBUG org.apache.http.wire - http-outgoing-6 >> "[\r][\n]"
12:02:32.399 [main] DEBUG org.apache.http.wire - http-outgoing-6 >> "{"email":"robertgonzalez@gmail.com","password":""}"
12:02:32.673 [main] DEBUG org.apache.http.wire - http-outgoing-6 << "HTTP/1.1 422 Unprocessable Entity[\r][\n]"
12:02:32.674 [main] DEBUG org.apache.http.wire - http-outgoing-6 << "Date: Sat, 17 Dec 2022 06:32:33 GMT[\r][\n]"
12:02:32.674 [main] DEBUG org.apache.http.wire - http-outgoing-6 << "Content-Type: application/json; charset=utf-8[\r][\n]"
12:02:32.674 [main] DEBUG org.apache.http.wire - http-outgoing-6 << "Content-Length: 66[\r][\n]"
12:02:32.674 [main] DEBUG org.apache.http.wire - http-outgoing-6 << "Connection: keep-alive[\r][\n]"
12:02:32.674 [main] DEBUG org.apache.http.wire - http-outgoing-6 << "X-Powered-By: Express[\r][\n]"
12:02:32.674 [main] DEBUG org.apache.http.wire - http-outgoing-6 << "Access-Control-Allow-Origin: *[\r][\n]"
12:02:32.674 [main] DEBUG org.apache.http.wire - http-outgoing-6 << "ETag: W/"42-yQ/u5GA8lPwGovRnvoWw3fbLvmo"[\r][\n]"
12:02:32.674 [main] DEBUG org.apache.http.wire - http-outgoing-6 << "CF-Cache-Status: DYNAMIC[\r][\n]"
12:02:32.674 [main] DEBUG org.apache.http.wire - http-outgoing-6 << "Report-To: {"endpoints":[{"url":"https:\/\/a.nel.cloudflare.com\/report\/v3?s=N8vtTpUUNEhTUiavE%2FpV7eGEE6jkmtn%2BNJVUHGGwY37E2pt%2FVORpnOgbdOhlsDHmDaN4GiaWLYlPK9%2FM%2BoZO5WeVVpE6CKM8RUV2BSF6OB%2FCHM7%2BHABuORZWKRf6bV8xVhgZivgWQg%3D%3D"}],"group":"cf-nel","max_age":604800}[\r][\n]"
12:02:32.674 [main] DEBUG org.apache.http.wire - http-outgoing-6 << "NEL: {"success_fraction":0,"report_to":"cf-nel","max_age":604800}[\r][\n]"
12:02:32.674 [main] DEBUG org.apache.http.wire - http-outgoing-6 << "Server: cloudflare[\r][\n]"
12:02:32.674 [main] DEBUG org.apache.http.wire - http-outgoing-6 << "CF-RAY: 77ad9f4a0e661936-SIN[\r][\n]"
12:02:32.675 [main] DEBUG org.apache.http.wire - http-outgoing-6 << "alt-svc: h3=":443"; ma=86400, h3-29=":443"; ma=86400[\r][\n]"
12:02:32.675 [main] DEBUG org.apache.http.wire - http-outgoing-6 << "[\r][\n]"
12:02:32.675 [main] DEBUG org.apache.http.wire - http-outgoing-6 << "{"status":422,"message":"\"password\" is not allowed to be empty"}"
12:02:32.675 [main] DEBUG org.apache.http.headers - http-outgoing-6 << HTTP/1.1 422 Unprocessable Entity
12:02:32.676 [main] DEBUG org.apache.http.headers - http-outgoing-6 << Date: Sat, 17 Dec 2022 06:32:33 GMT
12:02:32.676 [main] DEBUG org.apache.http.headers - http-outgoing-6 << Content-Type: application/json; charset=utf-8
12:02:32.676 [main] DEBUG org.apache.http.headers - http-outgoing-6 << Content-Length: 66
12:02:32.676 [main] DEBUG org.apache.http.headers - http-outgoing-6 << Connection: keep-alive
12:02:32.676 [main] DEBUG org.apache.http.headers - http-outgoing-6 << X-Powered-By: Express
12:02:32.676 [main] DEBUG org.apache.http.headers - http-outgoing-6 << Access-Control-Allow-Origin: *
12:02:32.676 [main] DEBUG org.apache.http.headers - http-outgoing-6 << ETag: W/"42-yQ/u5GA8lPwGovRnvoWw3fbLvmo"
12:02:32.676 [main] DEBUG org.apache.http.headers - http-outgoing-6 << CF-Cache-Status: DYNAMIC
12:02:32.676 [main] DEBUG org.apache.http.headers - http-outgoing-6 << Report-To: {"endpoints":[{"url":"https:\/\/a.nel.cloudflare.com\/report\/v3?s=N8vtTpUUNEhTUiavE%2FpV7eGEE6jkmtn%2BNJVUHGGwY37E2pt%2FVORpnOgbdOhlsDHmDaN4GiaWLYlPK9%2FM%2BoZO5WeVVpE6CKM8RUV2BSF6OB%2FCHM7%2BHABuORZWKRf6bV8xVhgZivgWQg%3D%3D"}],"group":"cf-nel","max_age":604800}
12:02:32.676 [main] DEBUG org.apache.http.headers - http-outgoing-6 << NEL: {"success_fraction":0,"report_to":"cf-nel","max_age":604800}
[...]
[THYMELEAF]             * [* {th:class,data-th-class}] [1000]: org.thymeleaf.standard.processor.StandardRemovableAttributeTagProcessor
[THYMELEAF]             * [* {th:scope,data-th-scope}] [1000]: org.thymeleaf.standard.processor.StandardRemovableAttributeTagProcessor
[THYMELEAF]             * [* {th:srclang,data-th-srclang}] [1000]: org.thymeleaf.standard.processor.StandardRemovableAttributeTagProcessor
[THYMELEAF]             * [* {th:placeholder,data-th-placeholder}] [1000]: org.thymeleaf.standard.processor.StandardRemovableAttributeTagProcessor
[THYMELEAF]             * [* {th:pattern,data-th-pattern}] [1000]: org.thymeleaf.standard.processor.StandardRemovableAttributeTagProcessor
[THYMELEAF]             * [* {th:draggable,data-th-draggable}] [1000]: org.thymeleaf.standard.processor.StandardRemovableAttributeTagProcessor
[THYMELEAF]             * [* {th:compact,data-th-compact}] [1000]: org.thymeleaf.standard.processor.StandardRemovableAttributeTagProcessor
[THYMELEAF]             * [* {th:form,data-th-form}] [1000]: org.thymeleaf.standard.processor.StandardRemovableAttributeTagProcessor
[THYMELEAF]             * [* {th:formaction,data-th-formaction}] [1000]: org.thymeleaf.standard.processor.StandardRemovableAttributeTagProcessor
[THYMELEAF]             * [* {th:colspan,data-th-colspan}] [1000]: org.thymeleaf.standard.processor.StandardRemovableAttributeTagProcessor
[THYMELEAF]             * [* {th:headers,data-th-headers}] [1000]: org.thymeleaf.standard.processor.StandardRemovableAttributeTagProcessor
[THYMELEAF]             * [* {th:classid,data-th-classid}] [1000]: org.thymeleaf.standard.processor.StandardRemovableAttributeTagProcessor
[THYMELEAF]             * [* {th:standby,data-th-standby}] [1000]: org.thymeleaf.standard.processor.StandardRemovableAttributeTagProcessor
[THYMELEAF]             * [* {th:marginwidth,data-th-marginwidth}] [1000]: org.thymeleaf.standard.processor.StandardRemovableAttributeTagProcessor
[THYMELEAF]             * [* {th:align,data-th-align}] [1000]: org.thymeleaf.standard.processor.StandardRemovableAttributeTagProcessor
[THYMELEAF]             * [* {th:src,data-th-src}] [1000]: org.thymeleaf.standard.processor.StandardSrcTagProcessor
[THYMELEAF]             * [* {th:value,data-th-value}] [1000]: org.thymeleaf.standard.processor.StandardValueTagProcessor
[THYMELEAF]             * [* {th:xmlbase,data-th-xmlbase}] [1000]: org.thymeleaf.standard.processor.StandardXmlBaseTagProcessor
[THYMELEAF]             * [* {th:xmllang,data-th-xmllang}] [1000]: org.thymeleaf.standard.processor.StandardXmlLangTagProcessor
[THYMELEAF]             * [* {xmlns:th}] [1000]: org.thymeleaf.standard.processor.StandardXmlNsTagProcessor
[THYMELEAF]             * [* {th:xmlspace,data-th-xmlspace}] [1000]: org.thymeleaf.standard.processor.StandardXmlSpaceTagProcessor
[THYMELEAF]             * [* {th:classappend,data-th-classappend}] [1100]: org.thymeleaf.standard.processor.StandardClassappendTagProcessor
[THYMELEAF]             * [* {th:styleappend,data-th-styleappend}] [1100]: org.thymeleaf.standard.processor.StandardStyleappendTagProcessor
[THYMELEAF]             * [* {th:text,data-th-text}] [1300]: org.thymeleaf.standard.processor.StandardTextTagProcessor
[THYMELEAF]             * [* {th:utext,data-th-utext}] [1400]: org.thymeleaf.standard.processor.StandardUtextTagProcessor
[THYMELEAF]             * [* {th:fragment,data-th-fragment}] [1500]: org.thymeleaf.standard.processor.StandardFragmentTagProcessor
[THYMELEAF]             * [* {th:assert,data-th-assert}] [1550]: org.thymeleaf.standard.processor.StandardAssertTagProcessor
[THYMELEAF]             * [* {th:remove,data-th-remove}] [1600]: org.thymeleaf.standard.processor.StandardRemoveTagProcessor
[THYMELEAF]             * [* {th:ref,data-th-ref}] [10000]: org.thymeleaf.standard.processor.StandardRefAttributeTagProcessor
[THYMELEAF]             * [{th:block,th-block} *] [100000]: org.thymeleaf.standard.processor.StandardBlockTagProcessor
[THYMELEAF]             * [* th:*] [2147483647]: org.thymeleaf.standard.processor.StandardDefaultAttributesTagProcessor
[THYMELEAF]         * Text Processors by [precedence]:
[THYMELEAF]             * [1000]: org.thymeleaf.standard.processor.StandardInliningTextProcessor
[THYMELEAF]         * DOCTYPE Processors by [precedence]:
[THYMELEAF]             * [1000]: org.thymeleaf.standard.processor.StandardTranslationDocTypeProcessor
[THYMELEAF]         * CDATA Section Processors by [precedence]:
[THYMELEAF]             * [1000]: org.thymeleaf.standard.processor.StandardInliningCDATASectionProcessor
[THYMELEAF]         * Comment Processors by [precedence]:
[THYMELEAF]             * [1000]: org.thymeleaf.standard.processor.StandardInliningCommentProcessor
[THYMELEAF]             * [1100]: org.thymeleaf.standard.processor.StandardConditionalCommentProcessor
[THYMELEAF]     * Processors for Template Mode: XML
[THYMELEAF]         * Element Tag Processors by [matching element and attribute name] [precedence]:
[THYMELEAF]             * [* {th:include}] [100]: org.thymeleaf.standard.processor.StandardIncludeTagProcessor
[THYMELEAF]             * [* {th:insert}] [100]: org.thymeleaf.standard.processor.StandardInsertTagProcessor
[THYMELEAF]             * [* {th:replace}] [100]: org.thymeleaf.standard.processor.StandardReplaceTagProcessor
[THYMELEAF]             * [* {th:substituteby}] [100]: org.thymeleaf.standard.processor.StandardSubstituteByTagProcessor
[THYMELEAF]             * [* {th:each}] [200]: com.intuit.karate.template.KarateEachTagProcessor
[THYMELEAF]             * [* {th:switch}] [250]: org.thymeleaf.standard.processor.StandardSwitchTagProcessor
[THYMELEAF]             * [* {th:case}] [275]: org.thymeleaf.standard.processor.StandardCaseTagProcessor
[THYMELEAF]             * [* {th:if}] [300]: org.thymeleaf.standard.processor.StandardIfTagProcessor
[THYMELEAF]             * [* {th:unless}] [400]: org.thymeleaf.standard.processor.StandardUnlessTagProcessor
[THYMELEAF]             * [* {th:object}] [500]: org.thymeleaf.standard.processor.StandardObjectTagProcessor
[THYMELEAF]             * [* {th:with}] [600]: com.intuit.karate.template.KarateWithTagProcessor
[THYMELEAF]             * [* {th:attr}] [700]: com.intuit.karate.template.KarateAttributeTagProcessor.KarateAttrTagProcessor
[THYMELEAF]             * [* {th:attrappend}] [900]: com.intuit.karate.template.KarateAttributeTagProcessor.KarateAttrappendTagProcessor
[THYMELEAF]             * [* {th:attrprepend}] [900]: com.intuit.karate.template.KarateAttributeTagProcessor.KarateAttrprependTagProcessor
[THYMELEAF]             * [* {th:inline}] [1000]: org.thymeleaf.standard.processor.StandardInlineXMLTagProcessor
[THYMELEAF]             * [* {xmlns:th}] [1000]: org.thymeleaf.standard.processor.StandardXmlNsTagProcessor
[THYMELEAF]             * [* {th:text}] [1300]: org.thymeleaf.standard.processor.StandardTextTagProcessor
[THYMELEAF]             * [* {th:utext}] [1400]: org.thymeleaf.standard.processor.StandardUtextTagProcessor
[THYMELEAF]             * [* {th:fragment}] [1500]: org.thymeleaf.standard.processor.StandardFragmentTagProcessor
[THYMELEAF]             * [* {th:assert}] [1550]: org.thymeleaf.standard.processor.StandardAssertTagProcessor
[THYMELEAF]             * [* {th:remove}] [1600]: org.thymeleaf.standard.processor.StandardRemoveTagProcessor
[THYMELEAF]             * [* {th:ref}] [10000]: org.thymeleaf.standard.processor.StandardRefAttributeTagProcessor
[THYMELEAF]             * [{th:block} *] [100000]: org.thymeleaf.standard.processor.StandardBlockTagProcessor
[THYMELEAF]             * [* th:*] [2147483647]: org.thymeleaf.standard.processor.StandardDefaultAttributesTagProcessor
[THYMELEAF]         * Text Processors by [precedence]:
[THYMELEAF]             * [1000]: org.thymeleaf.standard.processor.StandardInliningTextProcessor
[THYMELEAF]         * CDATA Section Processors by [precedence]:
[THYMELEAF]             * [1000]: org.thymeleaf.standard.processor.StandardInliningCDATASectionProcessor
[THYMELEAF]         * Comment Processors by [precedence]:
[THYMELEAF]             * [1000]: org.thymeleaf.standard.processor.StandardInliningCommentProcessor
[THYMELEAF]     * Processors for Template Mode: TEXT
[THYMELEAF]         * Element Tag Processors by [matching element and attribute name] [precedence]:
[THYMELEAF]             * [* {th:insert}] [100]: org.thymeleaf.standard.processor.StandardInsertTagProcessor
[THYMELEAF]             * [* {th:replace}] [100]: org.thymeleaf.standard.processor.StandardReplaceTagProcessor
[THYMELEAF]             * [* {th:each}] [200]: com.intuit.karate.template.KarateEachTagProcessor
[THYMELEAF]             * [* {th:switch}] [250]: org.thymeleaf.standard.processor.StandardSwitchTagProcessor
[THYMELEAF]             * [* {th:case}] [275]: org.thymeleaf.standard.processor.StandardCaseTagProcessor
[THYMELEAF]             * [* {th:if}] [300]: org.thymeleaf.standard.processor.StandardIfTagProcessor
[THYMELEAF]             * [* {th:unless}] [400]: org.thymeleaf.standard.processor.StandardUnlessTagProcessor
[THYMELEAF]             * [* {th:object}] [500]: org.thymeleaf.standard.processor.StandardObjectTagProcessor
[THYMELEAF]             * [* {th:with}] [600]: com.intuit.karate.template.KarateWithTagProcessor
[THYMELEAF]             * [* {th:inline}] [1000]: org.thymeleaf.standard.processor.StandardInlineTextualTagProcessor
[THYMELEAF]             * [* {th:text}] [1300]: org.thymeleaf.standard.processor.StandardTextTagProcessor
[THYMELEAF]             * [* {th:utext}] [1400]: org.thymeleaf.standard.processor.StandardUtextTagProcessor
[THYMELEAF]             * [* {th:assert}] [1550]: org.thymeleaf.standard.processor.StandardAssertTagProcessor
[THYMELEAF]             * [* {th:remove}] [1600]: org.thymeleaf.standard.processor.StandardRemoveTagProcessor
[THYMELEAF]             * [{th:block} *] [100000]: org.thymeleaf.standard.processor.StandardBlockTagProcessor
[THYMELEAF]             * [* 100000] [org.thymeleaf.standard.processor.StandardBlockTagProcessor]: {}
[THYMELEAF]         * Text Processors by [precedence]:
[THYMELEAF]             * [1000]: org.thymeleaf.standard.processor.StandardInliningTextProcessor
[THYMELEAF]     * Processors for Template Mode: JAVASCRIPT
[THYMELEAF]         * Element Tag Processors by [matching element and attribute name] [precedence]:
[THYMELEAF]             * [* {th:insert}] [100]: org.thymeleaf.standard.processor.StandardInsertTagProcessor
[THYMELEAF]             * [* {th:replace}] [100]: org.thymeleaf.standard.processor.StandardReplaceTagProcessor
[THYMELEAF]             * [* {th:each}] [200]: com.intuit.karate.template.KarateEachTagProcessor
[THYMELEAF]             * [* {th:switch}] [250]: org.thymeleaf.standard.processor.StandardSwitchTagProcessor
[THYMELEAF]             * [* {th:case}] [275]: org.thymeleaf.standard.processor.StandardCaseTagProcessor
[THYMELEAF]             * [* {th:if}] [300]: org.thymeleaf.standard.processor.StandardIfTagProcessor
[THYMELEAF]             * [* {th:unless}] [400]: org.thymeleaf.standard.processor.StandardUnlessTagProcessor
[THYMELEAF]             * [* {th:object}] [500]: org.thymeleaf.standard.processor.StandardObjectTagProcessor
[THYMELEAF]             * [* {th:with}] [600]: com.intuit.karate.template.KarateWithTagProcessor
[THYMELEAF]             * [* {th:inline}] [1000]: org.thymeleaf.standard.processor.StandardInlineTextualTagProcessor
[THYMELEAF]             * [* {th:text}] [1300]: org.thymeleaf.standard.processor.StandardTextTagProcessor
[THYMELEAF]             * [* {th:utext}] [1400]: org.thymeleaf.standard.processor.StandardUtextTagProcessor
[THYMELEAF]             * [* {th:assert}] [1550]: org.thymeleaf.standard.processor.StandardAssertTagProcessor
[THYMELEAF]             * [* {th:remove}] [1600]: org.thymeleaf.standard.processor.StandardRemoveTagProcessor
[THYMELEAF]             * [* 100000] [org.thymeleaf.standard.processor.StandardBlockTagProcessor]: {}
[THYMELEAF]             * [{th:block} *] [100000]: org.thymeleaf.standard.processor.StandardBlockTagProcessor
[THYMELEAF]         * Text Processors by [precedence]:
[THYMELEAF]             * [1000]: org.thymeleaf.standard.processor.StandardInliningTextProcessor
[THYMELEAF]     * Processors for Template Mode: CSS
[THYMELEAF]         * Element Tag Processors by [matching element and attribute name] [precedence]:
[THYMELEAF]             * [* {th:insert}] [100]: org.thymeleaf.standard.processor.StandardInsertTagProcessor
[THYMELEAF]             * [* {th:replace}] [100]: org.thymeleaf.standard.processor.StandardReplaceTagProcessor
[THYMELEAF]             * [* {th:each}] [200]: com.intuit.karate.template.KarateEachTagProcessor
[THYMELEAF]             * [* {th:switch}] [250]: org.thymeleaf.standard.processor.StandardSwitchTagProcessor
[THYMELEAF]             * [* {th:case}] [275]: org.thymeleaf.standard.processor.StandardCaseTagProcessor
[THYMELEAF]             * [* {th:if}] [300]: org.thymeleaf.standard.processor.StandardIfTagProcessor
[THYMELEAF]             * [* {th:unless}] [400]: org.thymeleaf.standard.processor.StandardUnlessTagProcessor
[THYMELEAF]             * [* {th:object}] [500]: org.thymeleaf.standard.processor.StandardObjectTagProcessor
[THYMELEAF]             * [* {th:with}] [600]: com.intuit.karate.template.KarateWithTagProcessor
[THYMELEAF]             * [* {th:inline}] [1000]: org.thymeleaf.standard.processor.StandardInlineTextualTagProcessor
[THYMELEAF]             * [* {th:text}] [1300]: org.thymeleaf.standard.processor.StandardTextTagProcessor
[THYMELEAF]             * [* {th:utext}] [1400]: org.thymeleaf.standard.processor.StandardUtextTagProcessor
[THYMELEAF]             * [* {th:assert}] [1550]: org.thymeleaf.standard.processor.StandardAssertTagProcessor
[THYMELEAF]             * [* {th:remove}] [1600]: org.thymeleaf.standard.processor.StandardRemoveTagProcessor
[THYMELEAF]             * [{th:block} *] [100000]: org.thymeleaf.standard.processor.StandardBlockTagProcessor
[THYMELEAF]             * [* 100000] [org.thymeleaf.standard.processor.StandardBlockTagProcessor]: {}
[THYMELEAF]         * Text Processors by [precedence]:
[THYMELEAF]             * [1000]: org.thymeleaf.standard.processor.StandardInliningTextProcessor
[THYMELEAF]     * Expression Objects:
[THYMELEAF]         * #ctx
[THYMELEAF]         * #root
[THYMELEAF]         * #vars
[THYMELEAF]         * #object
[THYMELEAF]         * #locale
[THYMELEAF]         * #request
[THYMELEAF]         * #response
[THYMELEAF]         * #session
[THYMELEAF]         * #servletContext
[THYMELEAF]         * #conversions
[THYMELEAF]         * #uris
[THYMELEAF]         * #calendars
[THYMELEAF]         * #dates
[THYMELEAF]         * #bools
[THYMELEAF]         * #numbers
[THYMELEAF]         * #objects
[THYMELEAF]         * #strings
[THYMELEAF]         * #arrays
[THYMELEAF]         * #lists
[THYMELEAF]         * #sets
[THYMELEAF]         * #maps
[THYMELEAF]         * #aggregates
[THYMELEAF]         * #messages
[THYMELEAF]         * #ids
[THYMELEAF]         * #execInfo
[THYMELEAF]         * #httpServletRequest
[THYMELEAF]         * #httpSession
[THYMELEAF]     * Execution Attributes:
[THYMELEAF]         * "StandardExpressionParser": com.intuit.karate.template.KarateStandardDialect@7afb9c93
[THYMELEAF]         * "StandardJavaScriptSerializer": org.thymeleaf.standard.serializer.StandardJavaScriptSerializer@6c421123
[THYMELEAF]         * "StandardCSSSerializer": org.thymeleaf.standard.serializer.StandardCSSSerializer@38e00b47
[THYMELEAF]         * "StandardVariableExpressionEvaluator": com.intuit.karate.template.KarateStandardDialect@7afb9c93
[THYMELEAF]         * "StandardConversionService": org.thymeleaf.standard.expression.StandardConversionService@2a631049
[THYMELEAF] * Dialect [2 of 2]: karate (com.intuit.karate.template.KarateScriptDialect)
[THYMELEAF]     * Prefix: "ka"
[THYMELEAF]     * Processors for Template Mode: HTML
[THYMELEAF]         * Element Tag Processors by [matching element and attribute name] [precedence]:
[THYMELEAF]             * [* {src}] [1000]: com.intuit.karate.template.KaScriptAttrProcessor
[THYMELEAF]         * Element Model Processors by [matching element and attribute name] [precedence]:
[THYMELEAF]             * [{script} {ka:scope,data-ka-scope}] [1000]: com.intuit.karate.template.KaScriptElemProcessor
[THYMELEAF]             * [* {ka:set,data-ka-set}] [1000]: com.intuit.karate.template.KaSetElemProcessor
[THYMELEAF] TEMPLATE ENGINE CONFIGURED OK
12:02:39.212 [main] DEBUG org.thymeleaf.TemplateEngine - [THYMELEAF] TEMPLATE ENGINE INITIALIZED
12:02:39.375 [Finalizer] DEBUG org.apache.http.impl.conn.PoolingHttpClientConnectionManager - Connection manager is shutting down
12:02:39.375 [Finalizer] DEBUG org.apache.http.impl.conn.DefaultManagedHttpClientConnection - http-outgoing-14: Shutdown connection
12:02:39.377 [Finalizer] DEBUG org.apache.http.impl.conn.PoolingHttpClientConnectionManager - Connection manager shut down
12:02:39.377 [Finalizer] DEBUG org.apache.http.impl.conn.PoolingHttpClientConnectionManager - Connection manager is shutting down
12:02:39.377 [Finalizer] DEBUG org.apache.http.impl.conn.DefaultManagedHttpClientConnection - http-outgoing-13: Close connection
12:02:39.377 [Finalizer] DEBUG org.apache.http.impl.conn.PoolingHttpClientConnectionManager - Connection manager shut down
12:02:39.378 [Finalizer] DEBUG org.apache.http.impl.conn.PoolingHttpClientConnectionManager - Connection manager is shutting down
12:02:39.378 [Finalizer] DEBUG org.apache.http.impl.conn.DefaultManagedHttpClientConnection - http-outgoing-12: Close connection
12:02:39.378 [Finalizer] DEBUG org.apache.http.impl.conn.PoolingHttpClientConnectionManager - Connection manager shut down
12:02:39.378 [Finalizer] DEBUG org.apache.http.impl.conn.PoolingHttpClientConnectionManager - Connection manager is shutting down
12:02:39.378 [Finalizer] DEBUG org.apache.http.impl.conn.DefaultManagedHttpClientConnection - http-outgoing-11: Close connection
12:02:39.378 [Finalizer] DEBUG org.apache.http.impl.conn.PoolingHttpClientConnectionManager - Connection manager shut down
12:02:39.379 [Finalizer] DEBUG org.apache.http.impl.conn.PoolingHttpClientConnectionManager - Connection manager is shutting down
12:02:39.379 [Finalizer] DEBUG org.apache.http.impl.conn.DefaultManagedHttpClientConnection - http-outgoing-10: Shutdown connection
12:02:39.379 [Finalizer] DEBUG org.apache.http.impl.conn.PoolingHttpClientConnectionManager - Connection manager shut down
12:02:39.379 [Finalizer] DEBUG org.apache.http.impl.conn.PoolingHttpClientConnectionManager - Connection manager is shutting down
12:02:39.379 [Finalizer] DEBUG org.apache.http.impl.conn.DefaultManagedHttpClientConnection - http-outgoing-17: Close connection
12:02:39.379 [Finalizer] DEBUG org.apache.http.impl.conn.PoolingHttpClientConnectionManager - Connection manager shut down
12:02:39.380 [Finalizer] DEBUG org.apache.http.impl.conn.PoolingHttpClientConnectionManager - Connection manager is shutting down
12:02:39.380 [Finalizer] DEBUG org.apache.http.impl.conn.DefaultManagedHttpClientConnection - http-outgoing-16: Close connection
12:02:39.380 [Finalizer] DEBUG org.apache.http.impl.conn.PoolingHttpClientConnectionManager - Connection manager shut down
12:02:39.381 [Finalizer] DEBUG org.apache.http.impl.conn.PoolingHttpClientConnectionManager - Connection manager is shutting down
12:02:39.381 [Finalizer] DEBUG org.apache.http.impl.conn.DefaultManagedHttpClientConnection - http-outgoing-15: Close connection
12:02:39.381 [Finalizer] DEBUG org.apache.http.impl.conn.PoolingHttpClientConnectionManager - Connection manager shut down
---------------------------------------------------------
feature: classpath:com/storeapiapp/features/User.feature
scenarios:  2 | passed:  0 | failed:  2 | time: 3.4293
---------------------------------------------------------

]]></system-out>
  </testcase>
</testsuite>